mode: atomic
github.com/guilhermegouw/cdd/cmd/root.go:23.34,41.2 4 0
github.com/guilhermegouw/cdd/cmd/root.go:44.49,46.15 1 0
github.com/guilhermegouw/cdd/cmd/root.go:46.15,48.47 2 0
github.com/guilhermegouw/cdd/cmd/root.go:48.47,50.4 1 0
github.com/guilhermegouw/cdd/cmd/root.go:50.9,53.4 2 0
github.com/guilhermegouw/cdd/cmd/root.go:57.2,61.16 3 0
github.com/guilhermegouw/cdd/cmd/root.go:61.16,64.3 1 0
github.com/guilhermegouw/cdd/cmd/root.go:67.2,68.25 2 0
github.com/guilhermegouw/cdd/cmd/root.go:68.25,71.17 2 0
github.com/guilhermegouw/cdd/cmd/root.go:71.17,73.4 1 0
github.com/guilhermegouw/cdd/cmd/root.go:77.2,78.17 2 0
github.com/guilhermegouw/cdd/cmd/root.go:78.17,80.17 2 0
github.com/guilhermegouw/cdd/cmd/root.go:80.17,83.4 1 0
github.com/guilhermegouw/cdd/cmd/root.go:88.2,88.54 1 0
github.com/guilhermegouw/cdd/cmd/root.go:88.54,91.17 2 0
github.com/guilhermegouw/cdd/cmd/root.go:91.17,93.4 1 0
github.com/guilhermegouw/cdd/cmd/root.go:94.3,94.29 1 0
github.com/guilhermegouw/cdd/cmd/root.go:97.2,97.57 1 0
github.com/guilhermegouw/cdd/cmd/root.go:101.67,107.16 4 0
github.com/guilhermegouw/cdd/cmd/root.go:107.16,109.3 1 0
github.com/guilhermegouw/cdd/cmd/root.go:112.2,113.16 2 0
github.com/guilhermegouw/cdd/cmd/root.go:113.16,115.3 1 0
github.com/guilhermegouw/cdd/cmd/root.go:118.2,127.33 3 0
github.com/guilhermegouw/cdd/cmd/root.go:146.22,148.2 1 0
github.com/guilhermegouw/cdd/cmd/version.go:16.37,20.48 1 0
github.com/guilhermegouw/cdd/cmd/version.go:20.48,24.4 3 0
github.com/guilhermegouw/cdd/main.go:11.13,12.38 1 0
github.com/guilhermegouw/cdd/main.go:12.38,15.3 2 0
github.com/guilhermegouw/cdd/internal/debug/debug.go:20.32,24.13 3 0
github.com/guilhermegouw/cdd/internal/debug/debug.go:24.13,26.3 1 0
github.com/guilhermegouw/cdd/internal/debug/debug.go:29.2,30.48 2 0
github.com/guilhermegouw/cdd/internal/debug/debug.go:30.48,32.3 1 0
github.com/guilhermegouw/cdd/internal/debug/debug.go:35.2,36.16 2 0
github.com/guilhermegouw/cdd/internal/debug/debug.go:36.16,38.3 1 0
github.com/guilhermegouw/cdd/internal/debug/debug.go:40.2,53.12 11 0
github.com/guilhermegouw/cdd/internal/debug/debug.go:57.16,61.14 3 0
github.com/guilhermegouw/cdd/internal/debug/debug.go:61.14,63.3 1 0
github.com/guilhermegouw/cdd/internal/debug/debug.go:65.2,65.20 1 0
github.com/guilhermegouw/cdd/internal/debug/debug.go:65.20,68.3 2 0
github.com/guilhermegouw/cdd/internal/debug/debug.go:69.2,69.17 1 0
github.com/guilhermegouw/cdd/internal/debug/debug.go:73.23,77.2 3 0
github.com/guilhermegouw/cdd/internal/debug/debug.go:80.38,84.32 3 0
github.com/guilhermegouw/cdd/internal/debug/debug.go:84.32,86.3 1 0
github.com/guilhermegouw/cdd/internal/debug/debug.go:88.2,93.20 5 0
github.com/guilhermegouw/cdd/internal/debug/debug.go:97.23,101.2 3 0
github.com/guilhermegouw/cdd/internal/debug/debug.go:104.50,106.2 1 0
github.com/guilhermegouw/cdd/internal/debug/debug.go:109.57,111.2 1 0
github.com/guilhermegouw/cdd/internal/oauth/token.go:17.32,19.2 1 5
github.com/guilhermegouw/cdd/internal/oauth/token.go:22.34,24.2 1 6
github.com/guilhermegouw/cdd/internal/agent/agent.go:107.38,109.2 1 3
github.com/guilhermegouw/cdd/internal/agent/agent.go:111.32,113.2 1 0
github.com/guilhermegouw/cdd/internal/agent/loop.go:30.36,39.2 1 18
github.com/guilhermegouw/cdd/internal/agent/loop.go:44.116,45.18 1 1
github.com/guilhermegouw/cdd/internal/agent/loop.go:45.18,47.3 1 1
github.com/guilhermegouw/cdd/internal/agent/loop.go:49.2,50.21 2 0
github.com/guilhermegouw/cdd/internal/agent/loop.go:50.21,53.3 2 0
github.com/guilhermegouw/cdd/internal/agent/loop.go:56.2,56.25 1 0
github.com/guilhermegouw/cdd/internal/agent/loop.go:56.25,58.3 1 0
github.com/guilhermegouw/cdd/internal/agent/loop.go:61.2,63.15 3 0
github.com/guilhermegouw/cdd/internal/agent/loop.go:63.15,66.3 2 0
github.com/guilhermegouw/cdd/internal/agent/loop.go:69.2,85.22 6 0
github.com/guilhermegouw/cdd/internal/agent/loop.go:85.22,87.3 1 0
github.com/guilhermegouw/cdd/internal/agent/loop.go:89.2,108.20 7 0
github.com/guilhermegouw/cdd/internal/agent/loop.go:108.20,110.3 1 0
github.com/guilhermegouw/cdd/internal/agent/loop.go:111.2,112.29 2 0
github.com/guilhermegouw/cdd/internal/agent/loop.go:112.29,114.3 1 0
github.com/guilhermegouw/cdd/internal/agent/loop.go:117.2,120.55 3 0
github.com/guilhermegouw/cdd/internal/agent/loop.go:120.55,121.30 1 0
github.com/guilhermegouw/cdd/internal/agent/loop.go:121.30,127.4 1 0
github.com/guilhermegouw/cdd/internal/agent/loop.go:128.3,131.35 3 0
github.com/guilhermegouw/cdd/internal/agent/loop.go:131.35,133.4 1 0
github.com/guilhermegouw/cdd/internal/agent/loop.go:134.3,134.13 1 0
github.com/guilhermegouw/cdd/internal/agent/loop.go:137.2,137.65 1 0
github.com/guilhermegouw/cdd/internal/agent/loop.go:137.65,138.30 1 0
github.com/guilhermegouw/cdd/internal/agent/loop.go:138.30,144.4 1 0
github.com/guilhermegouw/cdd/internal/agent/loop.go:146.3,153.34 3 0
github.com/guilhermegouw/cdd/internal/agent/loop.go:153.34,155.4 1 0
github.com/guilhermegouw/cdd/internal/agent/loop.go:156.3,156.13 1 0
github.com/guilhermegouw/cdd/internal/agent/loop.go:159.2,159.73 1 0
github.com/guilhermegouw/cdd/internal/agent/loop.go:159.73,167.34 2 0
github.com/guilhermegouw/cdd/internal/agent/loop.go:168.42,169.103 1 0
github.com/guilhermegouw/cdd/internal/agent/loop.go:169.103,171.5 1 0
github.com/guilhermegouw/cdd/internal/agent/loop.go:172.43,173.104 1 0
github.com/guilhermegouw/cdd/internal/agent/loop.go:173.104,176.5 2 0
github.com/guilhermegouw/cdd/internal/agent/loop.go:177.11,179.49 1 0
github.com/guilhermegouw/cdd/internal/agent/loop.go:183.3,191.36 3 0
github.com/guilhermegouw/cdd/internal/agent/loop.go:191.36,193.4 1 0
github.com/guilhermegouw/cdd/internal/agent/loop.go:194.3,194.13 1 0
github.com/guilhermegouw/cdd/internal/agent/loop.go:198.2,201.104 2 0
github.com/guilhermegouw/cdd/internal/agent/loop.go:201.104,203.3 1 0
github.com/guilhermegouw/cdd/internal/agent/loop.go:205.2,205.16 1 0
github.com/guilhermegouw/cdd/internal/agent/loop.go:205.16,206.31 1 0
github.com/guilhermegouw/cdd/internal/agent/loop.go:206.31,208.4 1 0
github.com/guilhermegouw/cdd/internal/agent/loop.go:209.3,209.13 1 0
github.com/guilhermegouw/cdd/internal/agent/loop.go:212.2,212.33 1 0
github.com/guilhermegouw/cdd/internal/agent/loop.go:212.33,214.3 1 0
github.com/guilhermegouw/cdd/internal/agent/loop.go:216.2,216.12 1 0
github.com/guilhermegouw/cdd/internal/agent/loop.go:220.73,222.24 2 5
github.com/guilhermegouw/cdd/internal/agent/loop.go:222.24,224.3 1 1
github.com/guilhermegouw/cdd/internal/agent/loop.go:227.2,227.23 1 4
github.com/guilhermegouw/cdd/internal/agent/loop.go:227.23,229.3 1 4
github.com/guilhermegouw/cdd/internal/agent/loop.go:231.2,232.31 2 4
github.com/guilhermegouw/cdd/internal/agent/loop.go:232.31,233.19 1 5
github.com/guilhermegouw/cdd/internal/agent/loop.go:234.17,235.66 1 1
github.com/guilhermegouw/cdd/internal/agent/loop.go:237.22,239.25 2 2
github.com/guilhermegouw/cdd/internal/agent/loop.go:239.25,241.5 1 2
github.com/guilhermegouw/cdd/internal/agent/loop.go:242.4,242.37 1 2
github.com/guilhermegouw/cdd/internal/agent/loop.go:242.37,248.5 1 1
github.com/guilhermegouw/cdd/internal/agent/loop.go:249.4,249.22 1 2
github.com/guilhermegouw/cdd/internal/agent/loop.go:249.22,254.5 1 2
github.com/guilhermegouw/cdd/internal/agent/loop.go:256.17,257.39 1 2
github.com/guilhermegouw/cdd/internal/agent/loop.go:257.39,259.19 2 2
github.com/guilhermegouw/cdd/internal/agent/loop.go:259.19,263.6 1 1
github.com/guilhermegouw/cdd/internal/agent/loop.go:263.11,267.6 1 1
github.com/guilhermegouw/cdd/internal/agent/loop.go:268.5,276.7 1 2
github.com/guilhermegouw/cdd/internal/agent/loop.go:279.19,279.19 0 0
github.com/guilhermegouw/cdd/internal/agent/loop.go:284.2,284.16 1 4
github.com/guilhermegouw/cdd/internal/agent/loop.go:288.55,292.2 3 11
github.com/guilhermegouw/cdd/internal/agent/loop.go:295.63,299.2 3 11
github.com/guilhermegouw/cdd/internal/agent/loop.go:302.60,304.2 1 3
github.com/guilhermegouw/cdd/internal/agent/loop.go:307.48,309.2 1 1
github.com/guilhermegouw/cdd/internal/agent/loop.go:312.49,316.51 3 12
github.com/guilhermegouw/cdd/internal/agent/loop.go:316.51,319.3 2 1
github.com/guilhermegouw/cdd/internal/agent/loop.go:323.54,328.2 4 14
github.com/guilhermegouw/cdd/internal/agent/loop.go:331.49,333.2 1 20
github.com/guilhermegouw/cdd/internal/agent/loop.go:335.86,339.2 3 0
github.com/guilhermegouw/cdd/internal/agent/loop.go:341.61,345.2 3 0
github.com/guilhermegouw/cdd/internal/agent/session.go:27.38,31.2 1 39
github.com/guilhermegouw/cdd/internal/agent/session.go:34.54,52.2 8 26
github.com/guilhermegouw/cdd/internal/agent/session.go:55.56,61.2 4 5
github.com/guilhermegouw/cdd/internal/agent/session.go:64.43,66.21 2 5
github.com/guilhermegouw/cdd/internal/agent/session.go:66.21,67.47 1 3
github.com/guilhermegouw/cdd/internal/agent/session.go:67.47,70.4 2 3
github.com/guilhermegouw/cdd/internal/agent/session.go:72.2,74.32 2 2
github.com/guilhermegouw/cdd/internal/agent/session.go:78.51,82.33 3 2
github.com/guilhermegouw/cdd/internal/agent/session.go:82.33,85.3 2 1
github.com/guilhermegouw/cdd/internal/agent/session.go:86.2,86.14 1 1
github.com/guilhermegouw/cdd/internal/agent/session.go:90.42,95.37 4 1
github.com/guilhermegouw/cdd/internal/agent/session.go:95.37,97.3 1 3
github.com/guilhermegouw/cdd/internal/agent/session.go:98.2,98.17 1 1
github.com/guilhermegouw/cdd/internal/agent/session.go:102.47,106.34 3 3
github.com/guilhermegouw/cdd/internal/agent/session.go:106.34,108.3 1 1
github.com/guilhermegouw/cdd/internal/agent/session.go:110.2,112.21 2 2
github.com/guilhermegouw/cdd/internal/agent/session.go:112.21,114.3 1 2
github.com/guilhermegouw/cdd/internal/agent/session.go:116.2,116.13 1 2
github.com/guilhermegouw/cdd/internal/agent/session.go:120.71,125.9 4 26
github.com/guilhermegouw/cdd/internal/agent/session.go:125.9,127.3 1 1
github.com/guilhermegouw/cdd/internal/agent/session.go:129.2,129.18 1 25
github.com/guilhermegouw/cdd/internal/agent/session.go:129.18,131.3 1 25
github.com/guilhermegouw/cdd/internal/agent/session.go:132.2,132.28 1 25
github.com/guilhermegouw/cdd/internal/agent/session.go:132.28,134.3 1 25
github.com/guilhermegouw/cdd/internal/agent/session.go:136.2,139.13 3 25
github.com/guilhermegouw/cdd/internal/agent/session.go:143.64,148.9 4 25
github.com/guilhermegouw/cdd/internal/agent/session.go:148.9,150.3 1 2
github.com/guilhermegouw/cdd/internal/agent/session.go:153.2,155.17 3 23
github.com/guilhermegouw/cdd/internal/agent/session.go:159.61,164.9 4 3
github.com/guilhermegouw/cdd/internal/agent/session.go:164.9,166.3 1 1
github.com/guilhermegouw/cdd/internal/agent/session.go:168.2,171.13 3 2
github.com/guilhermegouw/cdd/internal/agent/session.go:175.66,180.9 4 2
github.com/guilhermegouw/cdd/internal/agent/session.go:180.9,182.3 1 1
github.com/guilhermegouw/cdd/internal/agent/session.go:184.2,187.13 3 1
github.com/guilhermegouw/cdd/internal/oauth/claude/challenge.go:12.61,14.44 2 102
github.com/guilhermegouw/cdd/internal/oauth/claude/challenge.go:14.44,16.3 1 0
github.com/guilhermegouw/cdd/internal/oauth/claude/challenge.go:17.2,20.33 4 102
github.com/guilhermegouw/cdd/internal/oauth/claude/challenge.go:23.50,29.2 5 210
github.com/guilhermegouw/cdd/internal/oauth/claude/oauth.go:20.63,22.16 2 2
github.com/guilhermegouw/cdd/internal/oauth/claude/oauth.go:22.16,24.3 1 0
github.com/guilhermegouw/cdd/internal/oauth/claude/oauth.go:25.2,34.24 10 2
github.com/guilhermegouw/cdd/internal/oauth/claude/oauth.go:38.86,43.20 5 0
github.com/guilhermegouw/cdd/internal/oauth/claude/oauth.go:43.20,45.3 1 0
github.com/guilhermegouw/cdd/internal/oauth/claude/oauth.go:47.2,57.16 3 0
github.com/guilhermegouw/cdd/internal/oauth/claude/oauth.go:57.16,59.3 1 0
github.com/guilhermegouw/cdd/internal/oauth/claude/oauth.go:60.2,63.16 3 0
github.com/guilhermegouw/cdd/internal/oauth/claude/oauth.go:63.16,65.3 1 0
github.com/guilhermegouw/cdd/internal/oauth/claude/oauth.go:67.2,67.38 1 0
github.com/guilhermegouw/cdd/internal/oauth/claude/oauth.go:67.38,69.3 1 0
github.com/guilhermegouw/cdd/internal/oauth/claude/oauth.go:71.2,72.53 2 0
github.com/guilhermegouw/cdd/internal/oauth/claude/oauth.go:72.53,74.3 1 0
github.com/guilhermegouw/cdd/internal/oauth/claude/oauth.go:75.2,76.20 2 0
github.com/guilhermegouw/cdd/internal/oauth/claude/oauth.go:80.83,88.16 3 0
github.com/guilhermegouw/cdd/internal/oauth/claude/oauth.go:88.16,90.3 1 0
github.com/guilhermegouw/cdd/internal/oauth/claude/oauth.go:91.2,94.16 3 0
github.com/guilhermegouw/cdd/internal/oauth/claude/oauth.go:94.16,96.3 1 0
github.com/guilhermegouw/cdd/internal/oauth/claude/oauth.go:98.2,98.38 1 0
github.com/guilhermegouw/cdd/internal/oauth/claude/oauth.go:98.38,100.3 1 0
github.com/guilhermegouw/cdd/internal/oauth/claude/oauth.go:102.2,103.53 2 0
github.com/guilhermegouw/cdd/internal/oauth/claude/oauth.go:103.53,105.3 1 0
github.com/guilhermegouw/cdd/internal/oauth/claude/oauth.go:106.2,107.20 2 0
github.com/guilhermegouw/cdd/internal/oauth/claude/oauth.go:110.86,112.16 2 3
github.com/guilhermegouw/cdd/internal/oauth/claude/oauth.go:112.16,114.3 1 1
github.com/guilhermegouw/cdd/internal/oauth/claude/oauth.go:116.2,117.16 2 2
github.com/guilhermegouw/cdd/internal/oauth/claude/oauth.go:117.16,119.3 1 0
github.com/guilhermegouw/cdd/internal/oauth/claude/oauth.go:121.2,125.23 4 2
github.com/guilhermegouw/cdd/internal/config/config.go:81.45,82.26 1 0
github.com/guilhermegouw/cdd/internal/config/config.go:82.26,84.3 1 0
github.com/guilhermegouw/cdd/internal/config/config.go:85.2,87.28 3 0
github.com/guilhermegouw/cdd/internal/config/config.go:87.28,89.3 1 0
github.com/guilhermegouw/cdd/internal/config/config.go:90.2,93.52 3 0
github.com/guilhermegouw/cdd/internal/config/config.go:122.26,128.2 1 63
github.com/guilhermegouw/cdd/internal/config/config.go:131.70,133.9 2 7
github.com/guilhermegouw/cdd/internal/config/config.go:133.9,135.3 1 2
github.com/guilhermegouw/cdd/internal/config/config.go:136.2,136.33 1 5
github.com/guilhermegouw/cdd/internal/config/config.go:136.33,137.39 1 8
github.com/guilhermegouw/cdd/internal/config/config.go:137.39,139.4 1 3
github.com/guilhermegouw/cdd/internal/config/config.go:141.2,141.12 1 2
github.com/guilhermegouw/cdd/internal/config/config.go:145.54,147.2 1 14
github.com/guilhermegouw/cdd/internal/config/config.go:150.66,152.2 1 14
github.com/guilhermegouw/cdd/internal/config/firstrun.go:9.24,12.55 2 0
github.com/guilhermegouw/cdd/internal/config/firstrun.go:12.55,14.3 1 0
github.com/guilhermegouw/cdd/internal/config/firstrun.go:17.2,18.16 2 0
github.com/guilhermegouw/cdd/internal/config/firstrun.go:18.16,21.3 1 0
github.com/guilhermegouw/cdd/internal/config/firstrun.go:24.2,24.37 1 0
github.com/guilhermegouw/cdd/internal/config/firstrun.go:28.47,29.41 1 9
github.com/guilhermegouw/cdd/internal/config/firstrun.go:29.41,30.49 1 8
github.com/guilhermegouw/cdd/internal/config/firstrun.go:30.49,32.4 1 5
github.com/guilhermegouw/cdd/internal/config/firstrun.go:34.2,34.14 1 4
github.com/guilhermegouw/cdd/internal/config/firstrun.go:39.24,41.16 2 0
github.com/guilhermegouw/cdd/internal/config/firstrun.go:41.16,43.3 1 0
github.com/guilhermegouw/cdd/internal/config/firstrun.go:46.2,46.26 1 0
github.com/guilhermegouw/cdd/internal/config/firstrun.go:46.26,48.3 1 0
github.com/guilhermegouw/cdd/internal/config/firstrun.go:51.2,51.35 1 0
github.com/guilhermegouw/cdd/internal/config/firstrun.go:51.35,53.55 2 0
github.com/guilhermegouw/cdd/internal/config/firstrun.go:53.55,55.4 1 0
github.com/guilhermegouw/cdd/internal/config/firstrun.go:58.2,58.14 1 0
github.com/guilhermegouw/cdd/internal/config/load.go:24.30,30.73 4 0
github.com/guilhermegouw/cdd/internal/config/load.go:30.73,32.3 1 0
github.com/guilhermegouw/cdd/internal/config/load.go:35.2,36.23 2 0
github.com/guilhermegouw/cdd/internal/config/load.go:36.23,38.59 2 0
github.com/guilhermegouw/cdd/internal/config/load.go:38.59,40.4 1 0
github.com/guilhermegouw/cdd/internal/config/load.go:41.3,41.31 1 0
github.com/guilhermegouw/cdd/internal/config/load.go:45.2,49.16 3 0
github.com/guilhermegouw/cdd/internal/config/load.go:49.16,51.3 1 0
github.com/guilhermegouw/cdd/internal/config/load.go:52.2,58.52 3 0
github.com/guilhermegouw/cdd/internal/config/load.go:58.52,60.3 1 0
github.com/guilhermegouw/cdd/internal/config/load.go:62.2,62.17 1 0
github.com/guilhermegouw/cdd/internal/config/load.go:66.49,70.44 3 3
github.com/guilhermegouw/cdd/internal/config/load.go:70.44,72.3 1 2
github.com/guilhermegouw/cdd/internal/config/load.go:74.2,77.16 3 1
github.com/guilhermegouw/cdd/internal/config/load.go:77.16,79.3 1 0
github.com/guilhermegouw/cdd/internal/config/load.go:80.2,84.52 3 1
github.com/guilhermegouw/cdd/internal/config/load.go:84.52,86.3 1 0
github.com/guilhermegouw/cdd/internal/config/load.go:88.2,88.17 1 1
github.com/guilhermegouw/cdd/internal/config/load.go:92.47,94.16 2 6
github.com/guilhermegouw/cdd/internal/config/load.go:94.16,96.3 1 2
github.com/guilhermegouw/cdd/internal/config/load.go:97.2,97.34 1 4
github.com/guilhermegouw/cdd/internal/config/load.go:101.33,103.16 2 3
github.com/guilhermegouw/cdd/internal/config/load.go:103.16,105.3 1 0
github.com/guilhermegouw/cdd/internal/config/load.go:107.2,108.6 2 3
github.com/guilhermegouw/cdd/internal/config/load.go:108.6,111.42 2 8
github.com/guilhermegouw/cdd/internal/config/load.go:111.42,113.4 1 1
github.com/guilhermegouw/cdd/internal/config/load.go:116.3,117.48 2 7
github.com/guilhermegouw/cdd/internal/config/load.go:117.48,119.4 1 1
github.com/guilhermegouw/cdd/internal/config/load.go:122.3,123.20 2 6
github.com/guilhermegouw/cdd/internal/config/load.go:123.20,124.9 1 1
github.com/guilhermegouw/cdd/internal/config/load.go:126.3,126.15 1 5
github.com/guilhermegouw/cdd/internal/config/load.go:129.2,129.11 1 1
github.com/guilhermegouw/cdd/internal/config/load.go:133.36,135.38 1 4
github.com/guilhermegouw/cdd/internal/config/load.go:135.38,137.3 1 1
github.com/guilhermegouw/cdd/internal/config/load.go:140.2,140.44 1 4
github.com/guilhermegouw/cdd/internal/config/load.go:140.44,142.3 1 1
github.com/guilhermegouw/cdd/internal/config/load.go:145.2,145.24 1 4
github.com/guilhermegouw/cdd/internal/config/load.go:145.24,146.25 1 3
github.com/guilhermegouw/cdd/internal/config/load.go:146.25,148.4 1 2
github.com/guilhermegouw/cdd/internal/config/load.go:149.3,149.40 1 3
github.com/guilhermegouw/cdd/internal/config/load.go:149.40,151.4 1 1
github.com/guilhermegouw/cdd/internal/config/load.go:152.3,152.32 1 3
github.com/guilhermegouw/cdd/internal/config/load.go:152.32,154.4 1 1
github.com/guilhermegouw/cdd/internal/config/load.go:155.3,155.24 1 3
github.com/guilhermegouw/cdd/internal/config/load.go:155.24,157.4 1 3
github.com/guilhermegouw/cdd/internal/config/load.go:164.58,166.32 2 7
github.com/guilhermegouw/cdd/internal/config/load.go:166.32,171.21 3 24
github.com/guilhermegouw/cdd/internal/config/load.go:171.21,172.12 1 17
github.com/guilhermegouw/cdd/internal/config/load.go:176.3,176.30 1 7
github.com/guilhermegouw/cdd/internal/config/load.go:176.30,178.18 2 7
github.com/guilhermegouw/cdd/internal/config/load.go:178.18,181.13 2 1
github.com/guilhermegouw/cdd/internal/config/load.go:183.4,183.32 1 6
github.com/guilhermegouw/cdd/internal/config/load.go:187.3,187.31 1 6
github.com/guilhermegouw/cdd/internal/config/load.go:187.31,189.18 2 2
github.com/guilhermegouw/cdd/internal/config/load.go:189.18,191.5 1 1
github.com/guilhermegouw/cdd/internal/config/load.go:192.9,195.18 2 4
github.com/guilhermegouw/cdd/internal/config/load.go:195.18,197.5 1 3
github.com/guilhermegouw/cdd/internal/config/load.go:197.10,200.5 1 1
github.com/guilhermegouw/cdd/internal/config/load.go:204.3,205.28 2 6
github.com/guilhermegouw/cdd/internal/config/load.go:205.28,207.4 1 6
github.com/guilhermegouw/cdd/internal/config/load.go:208.3,208.28 1 6
github.com/guilhermegouw/cdd/internal/config/load.go:208.28,210.4 1 3
github.com/guilhermegouw/cdd/internal/config/load.go:213.3,213.34 1 6
github.com/guilhermegouw/cdd/internal/config/load.go:213.34,215.4 1 4
github.com/guilhermegouw/cdd/internal/config/load.go:215.9,218.37 2 2
github.com/guilhermegouw/cdd/internal/config/load.go:218.37,220.5 1 2
github.com/guilhermegouw/cdd/internal/config/load.go:221.4,221.28 1 2
github.com/guilhermegouw/cdd/internal/config/load.go:221.28,222.37 1 4
github.com/guilhermegouw/cdd/internal/config/load.go:222.37,224.6 1 2
github.com/guilhermegouw/cdd/internal/config/load.go:229.3,229.37 1 6
github.com/guilhermegouw/cdd/internal/config/load.go:229.37,231.4 1 6
github.com/guilhermegouw/cdd/internal/config/load.go:234.3,234.35 1 6
github.com/guilhermegouw/cdd/internal/config/load.go:234.35,236.4 1 0
github.com/guilhermegouw/cdd/internal/config/load.go:241.48,243.25 1 7
github.com/guilhermegouw/cdd/internal/config/load.go:243.25,245.3 1 2
github.com/guilhermegouw/cdd/internal/config/load.go:248.2,249.32 2 5
github.com/guilhermegouw/cdd/internal/config/load.go:249.32,252.33 3 5
github.com/guilhermegouw/cdd/internal/config/load.go:252.33,253.12 1 2
github.com/guilhermegouw/cdd/internal/config/load.go:257.3,257.31 1 3
github.com/guilhermegouw/cdd/internal/config/load.go:257.31,258.12 1 1
github.com/guilhermegouw/cdd/internal/config/load.go:262.3,262.34 1 2
github.com/guilhermegouw/cdd/internal/config/load.go:262.34,267.4 1 2
github.com/guilhermegouw/cdd/internal/config/load.go:270.3,270.34 1 2
github.com/guilhermegouw/cdd/internal/config/load.go:270.34,275.4 1 1
github.com/guilhermegouw/cdd/internal/config/load.go:278.3,278.26 1 2
github.com/guilhermegouw/cdd/internal/config/load.go:278.26,279.9 1 2
github.com/guilhermegouw/cdd/internal/config/load.go:283.2,283.26 1 5
github.com/guilhermegouw/cdd/internal/config/load.go:283.26,285.3 1 3
github.com/guilhermegouw/cdd/internal/config/load.go:287.2,287.12 1 2
github.com/guilhermegouw/cdd/internal/config/load.go:291.40,292.38 1 5
github.com/guilhermegouw/cdd/internal/config/load.go:292.38,294.10 2 6
github.com/guilhermegouw/cdd/internal/config/load.go:294.10,296.4 1 1
github.com/guilhermegouw/cdd/internal/config/load.go:297.3,297.23 1 5
github.com/guilhermegouw/cdd/internal/config/load.go:297.23,299.4 1 1
github.com/guilhermegouw/cdd/internal/config/load.go:301.2,301.12 1 3
github.com/guilhermegouw/cdd/internal/config/load.go:305.33,306.24 1 3
github.com/guilhermegouw/cdd/internal/config/load.go:306.24,308.3 1 1
github.com/guilhermegouw/cdd/internal/config/load.go:311.2,311.31 1 3
github.com/guilhermegouw/cdd/internal/config/load.go:311.31,313.3 1 1
github.com/guilhermegouw/cdd/internal/config/load.go:317.62,319.22 1 1
github.com/guilhermegouw/cdd/internal/config/load.go:320.29,321.34 1 0
github.com/guilhermegouw/cdd/internal/config/load.go:322.26,323.31 1 1
github.com/guilhermegouw/cdd/internal/config/load.go:324.10,325.12 1 0
github.com/guilhermegouw/cdd/internal/config/load.go:330.32,332.2 1 5
github.com/guilhermegouw/cdd/internal/config/load.go:335.35,336.49 1 11
github.com/guilhermegouw/cdd/internal/config/load.go:336.49,338.3 1 9
github.com/guilhermegouw/cdd/internal/config/load.go:339.2,339.45 1 2
github.com/guilhermegouw/cdd/internal/config/load.go:343.56,346.2 2 2
github.com/guilhermegouw/cdd/internal/config/providers.go:28.61,34.22 4 6
github.com/guilhermegouw/cdd/internal/config/providers.go:34.22,36.3 1 1
github.com/guilhermegouw/cdd/internal/config/providers.go:38.2,40.16 3 6
github.com/guilhermegouw/cdd/internal/config/providers.go:40.16,42.76 1 1
github.com/guilhermegouw/cdd/internal/config/providers.go:42.76,45.4 1 0
github.com/guilhermegouw/cdd/internal/config/providers.go:46.3,46.24 1 1
github.com/guilhermegouw/cdd/internal/config/providers.go:50.2,50.61 1 5
github.com/guilhermegouw/cdd/internal/config/providers.go:50.61,51.48 1 2
github.com/guilhermegouw/cdd/internal/config/providers.go:51.48,53.4 1 1
github.com/guilhermegouw/cdd/internal/config/providers.go:57.2,57.31 1 4
github.com/guilhermegouw/cdd/internal/config/providers.go:62.56,66.9 3 5
github.com/guilhermegouw/cdd/internal/config/providers.go:67.28,68.32 1 1
github.com/guilhermegouw/cdd/internal/config/providers.go:69.47,72.17 3 1
github.com/guilhermegouw/cdd/internal/config/providers.go:72.17,74.4 1 1
github.com/guilhermegouw/cdd/internal/config/providers.go:75.10,78.17 2 3
github.com/guilhermegouw/cdd/internal/config/providers.go:78.17,80.4 1 1
github.com/guilhermegouw/cdd/internal/config/providers.go:81.3,81.58 1 2
github.com/guilhermegouw/cdd/internal/config/providers.go:81.58,83.4 1 1
github.com/guilhermegouw/cdd/internal/config/providers.go:86.2,88.49 3 2
github.com/guilhermegouw/cdd/internal/config/providers.go:92.63,94.16 2 11
github.com/guilhermegouw/cdd/internal/config/providers.go:94.16,96.3 1 4
github.com/guilhermegouw/cdd/internal/config/providers.go:98.2,99.53 2 7
github.com/guilhermegouw/cdd/internal/config/providers.go:99.53,101.3 1 1
github.com/guilhermegouw/cdd/internal/config/providers.go:103.2,103.20 1 6
github.com/guilhermegouw/cdd/internal/config/providers.go:107.74,109.48 2 6
github.com/guilhermegouw/cdd/internal/config/providers.go:109.48,111.3 1 1
github.com/guilhermegouw/cdd/internal/config/providers.go:113.2,119.16 3 5
github.com/guilhermegouw/cdd/internal/config/providers.go:119.16,121.3 1 0
github.com/guilhermegouw/cdd/internal/config/providers.go:123.2,123.40 1 5
github.com/guilhermegouw/cdd/internal/config/providers.go:127.30,129.2 1 3
github.com/guilhermegouw/cdd/internal/config/resolve.go:16.30,18.33 2 12
github.com/guilhermegouw/cdd/internal/config/resolve.go:18.33,19.46 1 561
github.com/guilhermegouw/cdd/internal/config/resolve.go:19.46,21.4 1 561
github.com/guilhermegouw/cdd/internal/config/resolve.go:23.2,23.28 1 12
github.com/guilhermegouw/cdd/internal/config/resolve.go:27.58,29.2 1 4
github.com/guilhermegouw/cdd/internal/config/resolve.go:37.58,38.35 1 43
github.com/guilhermegouw/cdd/internal/config/resolve.go:38.35,40.3 1 8
github.com/guilhermegouw/cdd/internal/config/resolve.go:42.2,43.77 2 35
github.com/guilhermegouw/cdd/internal/config/resolve.go:43.77,45.37 2 38
github.com/guilhermegouw/cdd/internal/config/resolve.go:45.37,47.4 1 6
github.com/guilhermegouw/cdd/internal/config/resolve.go:47.9,49.4 1 32
github.com/guilhermegouw/cdd/internal/config/resolve.go:51.3,51.33 1 38
github.com/guilhermegouw/cdd/internal/config/resolve.go:51.33,53.4 1 29
github.com/guilhermegouw/cdd/internal/config/resolve.go:54.3,55.15 2 9
github.com/guilhermegouw/cdd/internal/config/resolve.go:58.2,58.19 1 35
github.com/guilhermegouw/cdd/internal/config/resolve.go:58.19,60.3 1 8
github.com/guilhermegouw/cdd/internal/config/resolve.go:62.2,62.20 1 27
github.com/guilhermegouw/cdd/internal/config/resolve.go:66.53,68.16 2 3
github.com/guilhermegouw/cdd/internal/config/resolve.go:68.16,70.3 1 1
github.com/guilhermegouw/cdd/internal/config/resolve.go:71.2,71.17 1 2
github.com/guilhermegouw/cdd/internal/config/save.go:28.30,30.2 1 2
github.com/guilhermegouw/cdd/internal/config/save.go:33.49,36.48 2 6
github.com/guilhermegouw/cdd/internal/config/save.go:36.48,38.3 1 0
github.com/guilhermegouw/cdd/internal/config/save.go:41.2,48.35 2 6
github.com/guilhermegouw/cdd/internal/config/save.go:48.35,49.44 1 7
github.com/guilhermegouw/cdd/internal/config/save.go:49.44,54.4 1 6
github.com/guilhermegouw/cdd/internal/config/save.go:57.2,58.16 2 6
github.com/guilhermegouw/cdd/internal/config/save.go:58.16,60.3 1 0
github.com/guilhermegouw/cdd/internal/config/save.go:62.2,62.56 1 6
github.com/guilhermegouw/cdd/internal/config/save.go:62.56,64.3 1 0
github.com/guilhermegouw/cdd/internal/config/save.go:66.2,66.12 1 6
github.com/guilhermegouw/cdd/internal/config/save.go:70.80,90.2 5 1
github.com/guilhermegouw/cdd/internal/config/save.go:93.108,114.2 5 1
github.com/guilhermegouw/cdd/internal/tui/components/welcome/welcome.go:23.21,25.2 1 0
github.com/guilhermegouw/cdd/internal/tui/components/welcome/welcome.go:28.34,30.2 1 0
github.com/guilhermegouw/cdd/internal/tui/components/welcome/welcome.go:33.61,34.40 1 0
github.com/guilhermegouw/cdd/internal/tui/components/welcome/welcome.go:34.40,35.26 1 0
github.com/guilhermegouw/cdd/internal/tui/components/welcome/welcome.go:36.21,37.47 1 0
github.com/guilhermegouw/cdd/internal/tui/components/welcome/welcome.go:38.22,39.22 1 0
github.com/guilhermegouw/cdd/internal/tui/components/welcome/welcome.go:42.2,42.15 1 0
github.com/guilhermegouw/cdd/internal/tui/components/welcome/welcome.go:46.33,84.2 7 0
github.com/guilhermegouw/cdd/internal/tui/components/welcome/welcome.go:87.46,90.2 2 0
github.com/guilhermegouw/cdd/internal/tui/components/logo/logo.go:30.22,36.2 3 0
github.com/guilhermegouw/cdd/internal/tui/components/logo/logo.go:39.27,43.2 3 0
github.com/guilhermegouw/cdd/internal/tui/components/logo/logo.go:46.33,53.2 4 0
github.com/guilhermegouw/cdd/internal/tui/components/logo/logo.go:56.18,58.2 1 0
github.com/guilhermegouw/cdd/internal/tui/components/logo/logo.go:61.19,63.2 1 0
github.com/guilhermegouw/cdd/internal/tui/styles/default.go:4.31,35.2 1 0
github.com/guilhermegouw/cdd/internal/tui/styles/theme.go:58.29,59.21 1 0
github.com/guilhermegouw/cdd/internal/tui/styles/theme.go:59.21,61.3 1 0
github.com/guilhermegouw/cdd/internal/tui/styles/theme.go:62.2,62.17 1 0
github.com/guilhermegouw/cdd/internal/tui/styles/theme.go:65.39,109.2 2 0
github.com/guilhermegouw/cdd/internal/tui/styles/theme.go:120.36,122.2 1 0
github.com/guilhermegouw/cdd/internal/tui/styles/theme.go:125.32,126.27 1 0
github.com/guilhermegouw/cdd/internal/tui/styles/theme.go:126.27,128.3 1 0
github.com/guilhermegouw/cdd/internal/tui/styles/theme.go:129.2,129.23 1 0
github.com/guilhermegouw/cdd/internal/tui/styles/theme.go:133.28,135.2 1 0
github.com/guilhermegouw/cdd/internal/tui/styles/theme.go:138.28,148.2 5 0
github.com/guilhermegouw/cdd/internal/tui/styles/theme.go:151.42,153.2 1 0
github.com/guilhermegouw/cdd/internal/tui/styles/theme.go:156.36,158.2 1 0
github.com/guilhermegouw/cdd/internal/tui/styles/theme.go:161.47,162.37 1 0
github.com/guilhermegouw/cdd/internal/tui/styles/theme.go:162.37,165.3 2 0
github.com/guilhermegouw/cdd/internal/tui/styles/theme.go:166.2,166.47 1 0
github.com/guilhermegouw/cdd/internal/tui/styles/theme.go:170.39,175.2 3 0
github.com/guilhermegouw/cdd/internal/tui/styles/theme.go:178.83,179.17 1 0
github.com/guilhermegouw/cdd/internal/tui/styles/theme.go:179.17,181.3 1 0
github.com/guilhermegouw/cdd/internal/tui/styles/theme.go:182.2,183.21 2 0
github.com/guilhermegouw/cdd/internal/tui/styles/theme.go:183.21,185.11 2 0
github.com/guilhermegouw/cdd/internal/tui/styles/theme.go:185.11,187.4 1 0
github.com/guilhermegouw/cdd/internal/tui/styles/theme.go:188.3,188.39 1 0
github.com/guilhermegouw/cdd/internal/tui/styles/theme.go:191.2,193.16 3 0
github.com/guilhermegouw/cdd/internal/tui/styles/theme.go:193.16,195.3 1 0
github.com/guilhermegouw/cdd/internal/tui/styles/theme.go:197.2,198.25 2 0
github.com/guilhermegouw/cdd/internal/tui/styles/theme.go:198.25,200.11 2 0
github.com/guilhermegouw/cdd/internal/tui/styles/theme.go:200.11,202.4 1 0
github.com/guilhermegouw/cdd/internal/tui/styles/theme.go:203.3,203.42 1 0
github.com/guilhermegouw/cdd/internal/tui/styles/theme.go:205.2,205.17 1 0
github.com/guilhermegouw/cdd/internal/tui/styles/theme.go:209.75,210.17 1 0
github.com/guilhermegouw/cdd/internal/tui/styles/theme.go:210.17,212.3 1 0
github.com/guilhermegouw/cdd/internal/tui/styles/theme.go:213.2,215.29 3 0
github.com/guilhermegouw/cdd/internal/tui/styles/theme.go:215.29,217.3 1 0
github.com/guilhermegouw/cdd/internal/tui/styles/theme.go:218.2,218.19 1 0
github.com/guilhermegouw/cdd/internal/tui/styles/theme.go:222.79,223.17 1 0
github.com/guilhermegouw/cdd/internal/tui/styles/theme.go:223.17,225.3 1 0
github.com/guilhermegouw/cdd/internal/tui/styles/theme.go:226.2,228.29 3 0
github.com/guilhermegouw/cdd/internal/tui/styles/theme.go:228.29,230.3 1 0
github.com/guilhermegouw/cdd/internal/tui/styles/theme.go:231.2,231.19 1 0
github.com/guilhermegouw/cdd/internal/tui/styles/theme.go:235.64,236.20 1 0
github.com/guilhermegouw/cdd/internal/tui/styles/theme.go:236.20,238.3 1 0
github.com/guilhermegouw/cdd/internal/tui/styles/theme.go:240.2,241.26 2 0
github.com/guilhermegouw/cdd/internal/tui/styles/theme.go:241.26,243.3 1 0
github.com/guilhermegouw/cdd/internal/tui/styles/theme.go:245.2,252.29 6 0
github.com/guilhermegouw/cdd/internal/tui/styles/theme.go:252.29,254.20 2 0
github.com/guilhermegouw/cdd/internal/tui/styles/theme.go:254.20,256.4 1 0
github.com/guilhermegouw/cdd/internal/tui/styles/theme.go:259.2,259.29 1 0
github.com/guilhermegouw/cdd/internal/tui/styles/theme.go:259.29,264.30 4 0
github.com/guilhermegouw/cdd/internal/tui/styles/theme.go:264.30,266.23 2 0
github.com/guilhermegouw/cdd/internal/tui/styles/theme.go:266.23,268.5 1 0
github.com/guilhermegouw/cdd/internal/tui/styles/theme.go:269.4,270.32 2 0
github.com/guilhermegouw/cdd/internal/tui/styles/theme.go:274.2,274.16 1 0
github.com/guilhermegouw/cdd/internal/tui/util/util.go:24.38,25.24 1 0
github.com/guilhermegouw/cdd/internal/tui/util/util.go:25.24,27.3 1 0
github.com/guilhermegouw/cdd/internal/tui/util/util.go:31.37,37.2 2 0
github.com/guilhermegouw/cdd/internal/tui/util/util.go:51.38,56.2 1 0
github.com/guilhermegouw/cdd/internal/tui/util/util.go:59.41,64.2 1 0
github.com/guilhermegouw/cdd/internal/tui/util/util.go:67.38,72.2 1 0
github.com/guilhermegouw/cdd/internal/tui/keys.go:14.29,25.2 1 0
github.com/guilhermegouw/cdd/internal/tui/keys.go:28.43,30.2 1 0
github.com/guilhermegouw/cdd/internal/tui/keys.go:33.44,37.2 1 0
github.com/guilhermegouw/cdd/internal/tui/tui.go:44.110,56.30 2 0
github.com/guilhermegouw/cdd/internal/tui/tui.go:56.30,59.3 2 0
github.com/guilhermegouw/cdd/internal/tui/tui.go:61.2,61.10 1 0
github.com/guilhermegouw/cdd/internal/tui/tui.go:65.32,67.53 1 0
github.com/guilhermegouw/cdd/internal/tui/tui.go:67.53,69.3 1 0
github.com/guilhermegouw/cdd/internal/tui/tui.go:72.2,72.25 1 0
github.com/guilhermegouw/cdd/internal/tui/tui.go:76.58,78.27 1 0
github.com/guilhermegouw/cdd/internal/tui/tui.go:79.25,82.16 3 0
github.com/guilhermegouw/cdd/internal/tui/tui.go:83.18,85.49 2 0
github.com/guilhermegouw/cdd/internal/tui/tui.go:85.49,87.4 1 0
github.com/guilhermegouw/cdd/internal/tui/tui.go:88.25,89.97 1 0
github.com/guilhermegouw/cdd/internal/tui/tui.go:90.25,91.97 1 0
github.com/guilhermegouw/cdd/internal/tui/tui.go:92.26,92.26 0 0
github.com/guilhermegouw/cdd/internal/tui/tui.go:94.30,96.31 2 0
github.com/guilhermegouw/cdd/internal/tui/tui.go:97.26,100.46 2 0
github.com/guilhermegouw/cdd/internal/tui/tui.go:100.46,102.18 2 0
github.com/guilhermegouw/cdd/internal/tui/tui.go:102.18,106.5 3 0
github.com/guilhermegouw/cdd/internal/tui/tui.go:107.4,107.16 1 0
github.com/guilhermegouw/cdd/internal/tui/tui.go:110.3,110.21 1 0
github.com/guilhermegouw/cdd/internal/tui/tui.go:110.21,116.4 5 0
github.com/guilhermegouw/cdd/internal/tui/tui.go:117.3,118.16 2 0
github.com/guilhermegouw/cdd/internal/tui/tui.go:119.20,121.16 2 0
github.com/guilhermegouw/cdd/internal/tui/tui.go:122.22,125.16 3 0
github.com/guilhermegouw/cdd/internal/tui/tui.go:126.10,127.66 1 0
github.com/guilhermegouw/cdd/internal/tui/tui.go:130.2,131.15 2 0
github.com/guilhermegouw/cdd/internal/tui/tui.go:134.57,139.2 4 0
github.com/guilhermegouw/cdd/internal/tui/tui.go:141.58,142.30 1 0
github.com/guilhermegouw/cdd/internal/tui/tui.go:142.30,144.3 1 0
github.com/guilhermegouw/cdd/internal/tui/tui.go:145.2,145.40 1 0
github.com/guilhermegouw/cdd/internal/tui/tui.go:145.40,147.3 1 0
github.com/guilhermegouw/cdd/internal/tui/tui.go:148.2,148.12 1 0
github.com/guilhermegouw/cdd/internal/tui/tui.go:151.32,152.35 1 0
github.com/guilhermegouw/cdd/internal/tui/tui.go:152.35,154.3 1 0
github.com/guilhermegouw/cdd/internal/tui/tui.go:155.2,155.81 1 0
github.com/guilhermegouw/cdd/internal/tui/tui.go:158.55,163.2 4 0
github.com/guilhermegouw/cdd/internal/tui/tui.go:165.50,166.23 1 0
github.com/guilhermegouw/cdd/internal/tui/tui.go:167.20,169.13 2 0
github.com/guilhermegouw/cdd/internal/tui/tui.go:170.19,171.29 1 0
github.com/guilhermegouw/cdd/internal/tui/tui.go:172.17,173.27 1 0
github.com/guilhermegouw/cdd/internal/tui/tui.go:174.17,175.13 1 0
github.com/guilhermegouw/cdd/internal/tui/tui.go:177.2,177.12 1 0
github.com/guilhermegouw/cdd/internal/tui/tui.go:180.49,181.23 1 0
github.com/guilhermegouw/cdd/internal/tui/tui.go:181.23,183.3 1 0
github.com/guilhermegouw/cdd/internal/tui/tui.go:184.2,185.12 2 0
github.com/guilhermegouw/cdd/internal/tui/tui.go:188.51,189.21 1 0
github.com/guilhermegouw/cdd/internal/tui/tui.go:189.21,191.3 1 0
github.com/guilhermegouw/cdd/internal/tui/tui.go:192.2,192.27 1 0
github.com/guilhermegouw/cdd/internal/tui/tui.go:192.27,193.36 1 0
github.com/guilhermegouw/cdd/internal/tui/tui.go:193.36,195.4 1 0
github.com/guilhermegouw/cdd/internal/tui/tui.go:197.2,198.12 2 0
github.com/guilhermegouw/cdd/internal/tui/tui.go:202.33,211.14 5 0
github.com/guilhermegouw/cdd/internal/tui/tui.go:211.14,214.3 2 0
github.com/guilhermegouw/cdd/internal/tui/tui.go:216.2,217.23 2 0
github.com/guilhermegouw/cdd/internal/tui/tui.go:218.20,219.29 1 0
github.com/guilhermegouw/cdd/internal/tui/tui.go:220.19,221.22 1 0
github.com/guilhermegouw/cdd/internal/tui/tui.go:221.22,223.4 1 0
github.com/guilhermegouw/cdd/internal/tui/tui.go:224.17,225.24 1 0
github.com/guilhermegouw/cdd/internal/tui/tui.go:225.24,227.4 1 0
github.com/guilhermegouw/cdd/internal/tui/tui.go:228.17,229.27 1 0
github.com/guilhermegouw/cdd/internal/tui/tui.go:230.10,231.27 1 0
github.com/guilhermegouw/cdd/internal/tui/tui.go:235.2,235.23 1 0
github.com/guilhermegouw/cdd/internal/tui/tui.go:235.23,238.3 2 0
github.com/guilhermegouw/cdd/internal/tui/tui.go:240.2,243.23 2 0
github.com/guilhermegouw/cdd/internal/tui/tui.go:244.19,245.22 1 0
github.com/guilhermegouw/cdd/internal/tui/tui.go:245.22,247.4 1 0
github.com/guilhermegouw/cdd/internal/tui/tui.go:248.17,249.24 1 0
github.com/guilhermegouw/cdd/internal/tui/tui.go:249.24,251.4 1 0
github.com/guilhermegouw/cdd/internal/tui/tui.go:252.31,252.31 0 0
github.com/guilhermegouw/cdd/internal/tui/tui.go:256.2,256.13 1 0
github.com/guilhermegouw/cdd/internal/tui/tui.go:259.37,266.2 2 0
github.com/guilhermegouw/cdd/internal/tui/tui.go:268.40,269.22 1 0
github.com/guilhermegouw/cdd/internal/tui/tui.go:269.22,271.3 1 0
github.com/guilhermegouw/cdd/internal/tui/tui.go:272.2,272.21 1 0
github.com/guilhermegouw/cdd/internal/tui/tui.go:272.21,274.3 1 0
github.com/guilhermegouw/cdd/internal/tui/tui.go:275.2,275.23 1 0
github.com/guilhermegouw/cdd/internal/tui/tui.go:275.23,277.3 1 0
github.com/guilhermegouw/cdd/internal/tui/tui.go:281.109,291.27 5 0
github.com/guilhermegouw/cdd/internal/tui/tui.go:291.27,293.3 1 0
github.com/guilhermegouw/cdd/internal/tui/tui.go:295.2,296.16 2 0
github.com/guilhermegouw/cdd/internal/tui/tui.go:296.16,298.3 1 0
github.com/guilhermegouw/cdd/internal/tui/tui.go:300.2,300.12 1 0
github.com/guilhermegouw/cdd/internal/provider/provider.go:40.46,46.2 1 24
github.com/guilhermegouw/cdd/internal/provider/provider.go:49.84,51.66 1 8
github.com/guilhermegouw/cdd/internal/provider/provider.go:51.66,53.3 1 0
github.com/guilhermegouw/cdd/internal/provider/provider.go:56.2,57.9 2 8
github.com/guilhermegouw/cdd/internal/provider/provider.go:57.9,59.3 1 1
github.com/guilhermegouw/cdd/internal/provider/provider.go:60.2,61.16 2 7
github.com/guilhermegouw/cdd/internal/provider/provider.go:61.16,63.3 1 2
github.com/guilhermegouw/cdd/internal/provider/provider.go:66.2,67.9 2 5
github.com/guilhermegouw/cdd/internal/provider/provider.go:67.9,70.3 1 3
github.com/guilhermegouw/cdd/internal/provider/provider.go:70.8,72.17 2 2
github.com/guilhermegouw/cdd/internal/provider/provider.go:72.17,74.4 1 1
github.com/guilhermegouw/cdd/internal/provider/provider.go:77.2,77.26 1 4
github.com/guilhermegouw/cdd/internal/provider/provider.go:81.67,82.55 1 8
github.com/guilhermegouw/cdd/internal/provider/provider.go:82.55,83.36 1 6
github.com/guilhermegouw/cdd/internal/provider/provider.go:83.36,84.12 1 6
github.com/guilhermegouw/cdd/internal/provider/provider.go:87.3,87.42 1 0
github.com/guilhermegouw/cdd/internal/provider/provider.go:87.42,88.12 1 0
github.com/guilhermegouw/cdd/internal/provider/provider.go:92.3,93.17 2 0
github.com/guilhermegouw/cdd/internal/provider/provider.go:93.17,95.4 1 0
github.com/guilhermegouw/cdd/internal/provider/provider.go:98.3,102.44 3 0
github.com/guilhermegouw/cdd/internal/provider/provider.go:102.44,104.4 1 0
github.com/guilhermegouw/cdd/internal/provider/provider.go:107.2,107.12 1 8
github.com/guilhermegouw/cdd/internal/provider/provider.go:111.97,113.9 2 9
github.com/guilhermegouw/cdd/internal/provider/provider.go:113.9,115.3 1 2
github.com/guilhermegouw/cdd/internal/provider/provider.go:118.2,119.16 2 7
github.com/guilhermegouw/cdd/internal/provider/provider.go:119.16,121.3 1 1
github.com/guilhermegouw/cdd/internal/provider/provider.go:124.2,125.16 2 6
github.com/guilhermegouw/cdd/internal/provider/provider.go:125.16,127.3 1 0
github.com/guilhermegouw/cdd/internal/provider/provider.go:130.2,131.70 2 6
github.com/guilhermegouw/cdd/internal/provider/provider.go:131.70,133.3 1 5
github.com/guilhermegouw/cdd/internal/provider/provider.go:135.2,139.8 1 6
github.com/guilhermegouw/cdd/internal/provider/provider.go:143.131,144.42 1 9
github.com/guilhermegouw/cdd/internal/provider/provider.go:144.42,146.3 1 2
github.com/guilhermegouw/cdd/internal/provider/provider.go:148.2,149.16 2 7
github.com/guilhermegouw/cdd/internal/provider/provider.go:149.16,151.3 1 1
github.com/guilhermegouw/cdd/internal/provider/provider.go:153.2,154.15 2 6
github.com/guilhermegouw/cdd/internal/provider/provider.go:158.126,160.20 2 15
github.com/guilhermegouw/cdd/internal/provider/provider.go:160.20,162.3 1 13
github.com/guilhermegouw/cdd/internal/provider/provider.go:165.2,165.58 1 15
github.com/guilhermegouw/cdd/internal/provider/provider.go:165.58,166.45 1 2
github.com/guilhermegouw/cdd/internal/provider/provider.go:166.45,168.4 1 1
github.com/guilhermegouw/cdd/internal/provider/provider.go:168.9,170.4 1 1
github.com/guilhermegouw/cdd/internal/provider/provider.go:173.2,177.26 3 15
github.com/guilhermegouw/cdd/internal/provider/provider.go:178.45,179.57 1 8
github.com/guilhermegouw/cdd/internal/provider/provider.go:180.22,181.60 1 5
github.com/guilhermegouw/cdd/internal/provider/provider.go:182.10,183.76 1 2
github.com/guilhermegouw/cdd/internal/provider/provider.go:188.116,191.18 2 10
github.com/guilhermegouw/cdd/internal/provider/provider.go:191.18,193.3 1 8
github.com/guilhermegouw/cdd/internal/provider/provider.go:194.2,194.22 1 10
github.com/guilhermegouw/cdd/internal/provider/provider.go:194.22,196.3 1 2
github.com/guilhermegouw/cdd/internal/provider/provider.go:197.2,197.19 1 10
github.com/guilhermegouw/cdd/internal/provider/provider.go:197.19,199.3 1 3
github.com/guilhermegouw/cdd/internal/provider/provider.go:201.2,201.28 1 10
github.com/guilhermegouw/cdd/internal/provider/provider.go:205.119,210.13 3 7
github.com/guilhermegouw/cdd/internal/provider/provider.go:210.13,225.3 4 1
github.com/guilhermegouw/cdd/internal/provider/provider.go:225.8,225.25 1 6
github.com/guilhermegouw/cdd/internal/provider/provider.go:225.25,227.3 1 5
github.com/guilhermegouw/cdd/internal/provider/provider.go:230.2,230.34 1 7
github.com/guilhermegouw/cdd/internal/provider/provider.go:230.34,232.3 1 2
github.com/guilhermegouw/cdd/internal/provider/provider.go:233.2,233.19 1 7
github.com/guilhermegouw/cdd/internal/provider/provider.go:233.19,235.3 1 1
github.com/guilhermegouw/cdd/internal/provider/provider.go:237.2,237.31 1 7
github.com/guilhermegouw/cdd/internal/provider/provider.go:247.79,256.34 4 0
github.com/guilhermegouw/cdd/internal/provider/provider.go:256.34,257.61 1 0
github.com/guilhermegouw/cdd/internal/provider/provider.go:257.61,259.4 1 0
github.com/guilhermegouw/cdd/internal/provider/provider.go:263.2,263.36 1 0
github.com/guilhermegouw/cdd/internal/provider/provider.go:263.36,265.3 1 0
github.com/guilhermegouw/cdd/internal/provider/provider.go:267.2,267.34 1 0
github.com/guilhermegouw/cdd/internal/provider/tier.go:10.104,12.9 2 4
github.com/guilhermegouw/cdd/internal/provider/tier.go:12.9,14.3 1 2
github.com/guilhermegouw/cdd/internal/provider/tier.go:15.2,15.20 1 2
github.com/guilhermegouw/cdd/internal/provider/tier.go:19.107,20.18 1 4
github.com/guilhermegouw/cdd/internal/provider/tier.go:20.18,22.3 1 1
github.com/guilhermegouw/cdd/internal/provider/tier.go:24.2,25.9 2 3
github.com/guilhermegouw/cdd/internal/provider/tier.go:25.9,27.3 1 1
github.com/guilhermegouw/cdd/internal/provider/tier.go:29.2,29.22 1 2
github.com/guilhermegouw/cdd/internal/provider/tier.go:29.22,31.3 1 1
github.com/guilhermegouw/cdd/internal/provider/tier.go:33.2,33.22 1 1
github.com/guilhermegouw/cdd/internal/provider/tier.go:37.47,38.38 1 5
github.com/guilhermegouw/cdd/internal/provider/tier.go:38.38,39.50 1 5
github.com/guilhermegouw/cdd/internal/provider/tier.go:39.50,41.4 1 2
github.com/guilhermegouw/cdd/internal/provider/tier.go:43.2,43.12 1 3
github.com/guilhermegouw/cdd/internal/provider/tier.go:47.44,52.2 1 1
github.com/guilhermegouw/cdd/internal/tools/bash.go:70.55,74.101 1 2
github.com/guilhermegouw/cdd/internal/tools/bash.go:74.101,75.28 1 12
github.com/guilhermegouw/cdd/internal/tools/bash.go:75.28,77.5 1 1
github.com/guilhermegouw/cdd/internal/tools/bash.go:80.4,81.42 2 11
github.com/guilhermegouw/cdd/internal/tools/bash.go:81.42,82.42 1 182
github.com/guilhermegouw/cdd/internal/tools/bash.go:82.42,84.6 1 6
github.com/guilhermegouw/cdd/internal/tools/bash.go:88.4,89.28 2 5
github.com/guilhermegouw/cdd/internal/tools/bash.go:89.28,91.5 1 4
github.com/guilhermegouw/cdd/internal/tools/bash.go:91.10,93.5 1 1
github.com/guilhermegouw/cdd/internal/tools/bash.go:96.4,97.26 2 5
github.com/guilhermegouw/cdd/internal/tools/bash.go:97.26,99.33 2 0
github.com/guilhermegouw/cdd/internal/tools/bash.go:99.33,101.6 1 0
github.com/guilhermegouw/cdd/internal/tools/bash.go:105.4,112.24 5 5
github.com/guilhermegouw/cdd/internal/tools/bash.go:113.19,114.64 1 0
github.com/guilhermegouw/cdd/internal/tools/bash.go:115.12,116.65 1 5
github.com/guilhermegouw/cdd/internal/tools/bash.go:118.4,128.18 8 5
github.com/guilhermegouw/cdd/internal/tools/bash.go:128.18,130.12 2 1
github.com/guilhermegouw/cdd/internal/tools/bash.go:131.35,132.35 1 1
github.com/guilhermegouw/cdd/internal/tools/bash.go:133.57,135.51 1 0
github.com/guilhermegouw/cdd/internal/tools/bash.go:136.49,137.71 1 0
github.com/guilhermegouw/cdd/internal/tools/bash.go:142.4,154.10 2 5
github.com/guilhermegouw/cdd/internal/tools/bash.go:158.51,160.40 1 190
github.com/guilhermegouw/cdd/internal/tools/bash.go:160.40,164.33 1 7
github.com/guilhermegouw/cdd/internal/tools/bash.go:164.33,166.4 1 6
github.com/guilhermegouw/cdd/internal/tools/bash.go:170.2,170.53 1 184
github.com/guilhermegouw/cdd/internal/tools/bash.go:170.53,172.30 2 725
github.com/guilhermegouw/cdd/internal/tools/bash.go:172.30,174.39 2 740
github.com/guilhermegouw/cdd/internal/tools/bash.go:174.39,177.32 1 9
github.com/guilhermegouw/cdd/internal/tools/bash.go:177.32,179.6 1 5
github.com/guilhermegouw/cdd/internal/tools/bash.go:184.2,184.14 1 179
github.com/guilhermegouw/cdd/internal/tools/bash.go:187.67,193.18 4 5
github.com/guilhermegouw/cdd/internal/tools/bash.go:193.18,195.3 1 2
github.com/guilhermegouw/cdd/internal/tools/bash.go:197.2,197.18 1 5
github.com/guilhermegouw/cdd/internal/tools/bash.go:197.18,198.23 1 1
github.com/guilhermegouw/cdd/internal/tools/bash.go:198.23,200.4 1 0
github.com/guilhermegouw/cdd/internal/tools/bash.go:201.3,202.45 2 1
github.com/guilhermegouw/cdd/internal/tools/bash.go:205.2,205.19 1 5
github.com/guilhermegouw/cdd/internal/tools/bash.go:205.19,206.23 1 1
github.com/guilhermegouw/cdd/internal/tools/bash.go:206.23,208.4 1 0
github.com/guilhermegouw/cdd/internal/tools/bash.go:209.3,209.61 1 1
github.com/guilhermegouw/cdd/internal/tools/bash.go:212.2,212.23 1 5
github.com/guilhermegouw/cdd/internal/tools/bash.go:212.23,214.3 1 1
github.com/guilhermegouw/cdd/internal/tools/bash.go:216.2,216.24 1 4
github.com/guilhermegouw/cdd/internal/tools/bash.go:219.44,220.37 1 3
github.com/guilhermegouw/cdd/internal/tools/bash.go:220.37,222.3 1 3
github.com/guilhermegouw/cdd/internal/tools/bash.go:224.2,229.92 5 0
github.com/guilhermegouw/cdd/internal/tools/edit.go:43.55,47.101 1 1
github.com/guilhermegouw/cdd/internal/tools/edit.go:47.101,48.29 1 9
github.com/guilhermegouw/cdd/internal/tools/edit.go:48.29,50.5 1 1
github.com/guilhermegouw/cdd/internal/tools/edit.go:53.4,56.30 2 8
github.com/guilhermegouw/cdd/internal/tools/edit.go:56.30,59.5 1 1
github.com/guilhermegouw/cdd/internal/tools/edit.go:61.4,61.30 1 7
github.com/guilhermegouw/cdd/internal/tools/edit.go:61.30,64.5 1 1
github.com/guilhermegouw/cdd/internal/tools/edit.go:67.4,67.90 1 6
github.com/guilhermegouw/cdd/internal/tools/edit.go:71.76,72.19 1 1
github.com/guilhermegouw/cdd/internal/tools/edit.go:72.19,74.3 1 0
github.com/guilhermegouw/cdd/internal/tools/edit.go:76.2,77.16 2 1
github.com/guilhermegouw/cdd/internal/tools/edit.go:77.16,78.23 1 0
github.com/guilhermegouw/cdd/internal/tools/edit.go:78.23,80.4 1 0
github.com/guilhermegouw/cdd/internal/tools/edit.go:81.3,81.93 1 0
github.com/guilhermegouw/cdd/internal/tools/edit.go:82.8,82.32 1 1
github.com/guilhermegouw/cdd/internal/tools/edit.go:82.32,84.3 1 0
github.com/guilhermegouw/cdd/internal/tools/edit.go:87.2,88.48 2 1
github.com/guilhermegouw/cdd/internal/tools/edit.go:88.48,90.3 1 0
github.com/guilhermegouw/cdd/internal/tools/edit.go:93.2,93.71 1 1
github.com/guilhermegouw/cdd/internal/tools/edit.go:93.71,95.3 1 0
github.com/guilhermegouw/cdd/internal/tools/edit.go:97.2,108.8 3 1
github.com/guilhermegouw/cdd/internal/tools/edit.go:111.95,114.16 2 1
github.com/guilhermegouw/cdd/internal/tools/edit.go:114.16,115.25 1 0
github.com/guilhermegouw/cdd/internal/tools/edit.go:115.25,117.4 1 0
github.com/guilhermegouw/cdd/internal/tools/edit.go:118.3,118.78 1 0
github.com/guilhermegouw/cdd/internal/tools/edit.go:121.2,121.22 1 1
github.com/guilhermegouw/cdd/internal/tools/edit.go:121.22,123.3 1 0
github.com/guilhermegouw/cdd/internal/tools/edit.go:126.2,126.40 1 1
github.com/guilhermegouw/cdd/internal/tools/edit.go:126.40,128.3 1 0
github.com/guilhermegouw/cdd/internal/tools/edit.go:131.2,133.29 3 1
github.com/guilhermegouw/cdd/internal/tools/edit.go:133.29,137.3 1 0
github.com/guilhermegouw/cdd/internal/tools/edit.go:140.2,141.16 2 1
github.com/guilhermegouw/cdd/internal/tools/edit.go:141.16,143.3 1 0
github.com/guilhermegouw/cdd/internal/tools/edit.go:145.2,149.16 4 1
github.com/guilhermegouw/cdd/internal/tools/edit.go:149.16,152.25 3 0
github.com/guilhermegouw/cdd/internal/tools/edit.go:152.25,154.4 1 0
github.com/guilhermegouw/cdd/internal/tools/edit.go:155.8,157.18 2 1
github.com/guilhermegouw/cdd/internal/tools/edit.go:157.18,159.4 1 0
github.com/guilhermegouw/cdd/internal/tools/edit.go:161.3,162.25 2 1
github.com/guilhermegouw/cdd/internal/tools/edit.go:162.25,164.4 1 0
github.com/guilhermegouw/cdd/internal/tools/edit.go:166.3,167.20 2 1
github.com/guilhermegouw/cdd/internal/tools/edit.go:171.2,171.74 1 1
github.com/guilhermegouw/cdd/internal/tools/edit.go:171.74,173.3 1 0
github.com/guilhermegouw/cdd/internal/tools/edit.go:175.2,188.8 4 1
github.com/guilhermegouw/cdd/internal/tools/edit.go:191.107,194.16 2 6
github.com/guilhermegouw/cdd/internal/tools/edit.go:194.16,195.25 1 1
github.com/guilhermegouw/cdd/internal/tools/edit.go:195.25,197.4 1 1
github.com/guilhermegouw/cdd/internal/tools/edit.go:198.3,198.78 1 0
github.com/guilhermegouw/cdd/internal/tools/edit.go:201.2,201.22 1 5
github.com/guilhermegouw/cdd/internal/tools/edit.go:201.22,203.3 1 0
github.com/guilhermegouw/cdd/internal/tools/edit.go:206.2,206.40 1 5
github.com/guilhermegouw/cdd/internal/tools/edit.go:206.40,208.3 1 1
github.com/guilhermegouw/cdd/internal/tools/edit.go:211.2,213.29 3 4
github.com/guilhermegouw/cdd/internal/tools/edit.go:213.29,217.3 1 0
github.com/guilhermegouw/cdd/internal/tools/edit.go:220.2,221.16 2 4
github.com/guilhermegouw/cdd/internal/tools/edit.go:221.16,223.3 1 0
github.com/guilhermegouw/cdd/internal/tools/edit.go:225.2,229.16 4 4
github.com/guilhermegouw/cdd/internal/tools/edit.go:229.16,232.28 3 1
github.com/guilhermegouw/cdd/internal/tools/edit.go:232.28,234.4 1 0
github.com/guilhermegouw/cdd/internal/tools/edit.go:235.8,237.18 2 3
github.com/guilhermegouw/cdd/internal/tools/edit.go:237.18,239.4 1 1
github.com/guilhermegouw/cdd/internal/tools/edit.go:241.3,242.25 2 2
github.com/guilhermegouw/cdd/internal/tools/edit.go:242.25,244.4 1 1
github.com/guilhermegouw/cdd/internal/tools/edit.go:246.3,247.23 2 1
github.com/guilhermegouw/cdd/internal/tools/edit.go:250.2,250.30 1 2
github.com/guilhermegouw/cdd/internal/tools/edit.go:250.30,252.3 1 0
github.com/guilhermegouw/cdd/internal/tools/edit.go:255.2,255.74 1 2
github.com/guilhermegouw/cdd/internal/tools/edit.go:255.74,257.3 1 0
github.com/guilhermegouw/cdd/internal/tools/edit.go:259.2,272.8 4 2
github.com/guilhermegouw/cdd/internal/tools/edit.go:275.44,277.2 1 5
github.com/guilhermegouw/cdd/internal/tools/glob.go:41.55,45.101 1 1
github.com/guilhermegouw/cdd/internal/tools/glob.go:45.101,46.28 1 6
github.com/guilhermegouw/cdd/internal/tools/glob.go:46.28,48.5 1 1
github.com/guilhermegouw/cdd/internal/tools/glob.go:50.4,51.24 2 5
github.com/guilhermegouw/cdd/internal/tools/glob.go:51.24,53.5 1 3
github.com/guilhermegouw/cdd/internal/tools/glob.go:53.10,55.5 1 2
github.com/guilhermegouw/cdd/internal/tools/glob.go:58.4,58.49 1 5
github.com/guilhermegouw/cdd/internal/tools/glob.go:58.49,59.27 1 1
github.com/guilhermegouw/cdd/internal/tools/glob.go:59.27,61.6 1 1
github.com/guilhermegouw/cdd/internal/tools/glob.go:62.5,62.84 1 0
github.com/guilhermegouw/cdd/internal/tools/glob.go:65.4,66.18 2 4
github.com/guilhermegouw/cdd/internal/tools/glob.go:66.18,68.5 1 0
github.com/guilhermegouw/cdd/internal/tools/glob.go:70.4,71.23 2 4
github.com/guilhermegouw/cdd/internal/tools/glob.go:71.23,73.5 1 1
github.com/guilhermegouw/cdd/internal/tools/glob.go:73.10,75.29 1 3
github.com/guilhermegouw/cdd/internal/tools/glob.go:75.29,77.6 1 5
github.com/guilhermegouw/cdd/internal/tools/glob.go:78.5,79.18 2 3
github.com/guilhermegouw/cdd/internal/tools/glob.go:79.18,81.6 1 0
github.com/guilhermegouw/cdd/internal/tools/glob.go:84.4,90.10 1 4
github.com/guilhermegouw/cdd/internal/tools/glob.go:100.120,106.91 3 4
github.com/guilhermegouw/cdd/internal/tools/glob.go:106.91,108.10 1 24
github.com/guilhermegouw/cdd/internal/tools/glob.go:109.21,110.20 1 0
github.com/guilhermegouw/cdd/internal/tools/glob.go:111.11,111.11 0 24
github.com/guilhermegouw/cdd/internal/tools/glob.go:114.3,114.21 1 24
github.com/guilhermegouw/cdd/internal/tools/glob.go:114.21,116.4 1 0
github.com/guilhermegouw/cdd/internal/tools/glob.go:119.3,119.19 1 24
github.com/guilhermegouw/cdd/internal/tools/glob.go:119.19,121.65 1 7
github.com/guilhermegouw/cdd/internal/tools/glob.go:121.65,123.5 1 0
github.com/guilhermegouw/cdd/internal/tools/glob.go:125.4,125.23 1 7
github.com/guilhermegouw/cdd/internal/tools/glob.go:126.57,127.28 1 0
github.com/guilhermegouw/cdd/internal/tools/glob.go:129.4,129.14 1 7
github.com/guilhermegouw/cdd/internal/tools/glob.go:133.3,133.42 1 17
github.com/guilhermegouw/cdd/internal/tools/glob.go:133.42,135.4 1 0
github.com/guilhermegouw/cdd/internal/tools/glob.go:138.3,139.20 2 17
github.com/guilhermegouw/cdd/internal/tools/glob.go:139.20,141.4 1 0
github.com/guilhermegouw/cdd/internal/tools/glob.go:144.3,145.34 2 17
github.com/guilhermegouw/cdd/internal/tools/glob.go:145.34,147.4 1 12
github.com/guilhermegouw/cdd/internal/tools/glob.go:149.3,155.30 2 5
github.com/guilhermegouw/cdd/internal/tools/glob.go:155.30,157.4 1 0
github.com/guilhermegouw/cdd/internal/tools/glob.go:159.3,159.13 1 5
github.com/guilhermegouw/cdd/internal/tools/glob.go:162.2,162.53 1 4
github.com/guilhermegouw/cdd/internal/tools/glob.go:162.53,164.3 1 0
github.com/guilhermegouw/cdd/internal/tools/glob.go:167.2,167.42 1 4
github.com/guilhermegouw/cdd/internal/tools/glob.go:167.42,169.3 1 2
github.com/guilhermegouw/cdd/internal/tools/glob.go:172.2,173.15 2 4
github.com/guilhermegouw/cdd/internal/tools/glob.go:173.15,175.3 1 0
github.com/guilhermegouw/cdd/internal/tools/glob.go:178.2,179.28 2 4
github.com/guilhermegouw/cdd/internal/tools/glob.go:179.28,181.3 1 5
github.com/guilhermegouw/cdd/internal/tools/glob.go:183.2,183.31 1 4
github.com/guilhermegouw/cdd/internal/tools/glob.go:186.72,191.19 3 17
github.com/guilhermegouw/cdd/internal/tools/glob.go:191.19,193.3 1 10
github.com/guilhermegouw/cdd/internal/tools/glob.go:195.2,195.38 1 7
github.com/guilhermegouw/cdd/internal/tools/glob.go:198.58,200.39 1 10
github.com/guilhermegouw/cdd/internal/tools/glob.go:200.39,204.14 3 10
github.com/guilhermegouw/cdd/internal/tools/glob.go:204.14,206.4 1 3
github.com/guilhermegouw/cdd/internal/tools/glob.go:208.3,209.24 2 7
github.com/guilhermegouw/cdd/internal/tools/glob.go:209.24,212.15 3 10
github.com/guilhermegouw/cdd/internal/tools/glob.go:212.15,214.5 1 0
github.com/guilhermegouw/cdd/internal/tools/glob.go:216.3,216.20 1 7
github.com/guilhermegouw/cdd/internal/tools/glob.go:220.2,220.54 1 0
github.com/guilhermegouw/cdd/internal/tools/glob.go:220.54,225.61 3 0
github.com/guilhermegouw/cdd/internal/tools/glob.go:225.61,227.4 1 0
github.com/guilhermegouw/cdd/internal/tools/glob.go:230.3,231.24 2 0
github.com/guilhermegouw/cdd/internal/tools/glob.go:231.24,233.4 1 0
github.com/guilhermegouw/cdd/internal/tools/glob.go:236.3,237.14 2 0
github.com/guilhermegouw/cdd/internal/tools/glob.go:237.14,239.4 1 0
github.com/guilhermegouw/cdd/internal/tools/glob.go:240.3,241.14 2 0
github.com/guilhermegouw/cdd/internal/tools/glob.go:241.14,243.4 1 0
github.com/guilhermegouw/cdd/internal/tools/glob.go:246.3,247.24 2 0
github.com/guilhermegouw/cdd/internal/tools/glob.go:247.24,249.62 2 0
github.com/guilhermegouw/cdd/internal/tools/glob.go:249.62,251.5 1 0
github.com/guilhermegouw/cdd/internal/tools/glob.go:253.3,253.20 1 0
github.com/guilhermegouw/cdd/internal/tools/glob.go:257.2,257.38 1 0
github.com/guilhermegouw/cdd/internal/tools/grep.go:65.61,67.53 2 8
github.com/guilhermegouw/cdd/internal/tools/grep.go:67.53,70.3 2 1
github.com/guilhermegouw/cdd/internal/tools/grep.go:71.2,77.53 4 7
github.com/guilhermegouw/cdd/internal/tools/grep.go:77.53,79.3 1 0
github.com/guilhermegouw/cdd/internal/tools/grep.go:81.2,82.16 2 7
github.com/guilhermegouw/cdd/internal/tools/grep.go:82.16,84.3 1 1
github.com/guilhermegouw/cdd/internal/tools/grep.go:86.2,87.19 2 6
github.com/guilhermegouw/cdd/internal/tools/grep.go:91.55,95.101 1 1
github.com/guilhermegouw/cdd/internal/tools/grep.go:95.101,96.28 1 9
github.com/guilhermegouw/cdd/internal/tools/grep.go:96.28,98.5 1 1
github.com/guilhermegouw/cdd/internal/tools/grep.go:101.4,102.26 2 8
github.com/guilhermegouw/cdd/internal/tools/grep.go:102.26,104.5 1 1
github.com/guilhermegouw/cdd/internal/tools/grep.go:106.4,107.24 2 8
github.com/guilhermegouw/cdd/internal/tools/grep.go:107.24,109.5 1 6
github.com/guilhermegouw/cdd/internal/tools/grep.go:109.10,111.5 1 2
github.com/guilhermegouw/cdd/internal/tools/grep.go:114.4,114.49 1 8
github.com/guilhermegouw/cdd/internal/tools/grep.go:114.49,115.27 1 1
github.com/guilhermegouw/cdd/internal/tools/grep.go:115.27,117.6 1 1
github.com/guilhermegouw/cdd/internal/tools/grep.go:118.5,118.84 1 0
github.com/guilhermegouw/cdd/internal/tools/grep.go:121.4,122.18 2 7
github.com/guilhermegouw/cdd/internal/tools/grep.go:122.18,124.5 1 1
github.com/guilhermegouw/cdd/internal/tools/grep.go:126.4,127.25 2 6
github.com/guilhermegouw/cdd/internal/tools/grep.go:127.25,129.5 1 2
github.com/guilhermegouw/cdd/internal/tools/grep.go:129.10,133.35 3 4
github.com/guilhermegouw/cdd/internal/tools/grep.go:133.35,134.35 1 5
github.com/guilhermegouw/cdd/internal/tools/grep.go:134.35,135.28 1 5
github.com/guilhermegouw/cdd/internal/tools/grep.go:135.28,137.8 1 1
github.com/guilhermegouw/cdd/internal/tools/grep.go:138.7,139.66 2 5
github.com/guilhermegouw/cdd/internal/tools/grep.go:142.6,143.45 2 5
github.com/guilhermegouw/cdd/internal/tools/grep.go:143.45,145.7 1 0
github.com/guilhermegouw/cdd/internal/tools/grep.go:147.6,147.27 1 5
github.com/guilhermegouw/cdd/internal/tools/grep.go:147.27,149.7 1 5
github.com/guilhermegouw/cdd/internal/tools/grep.go:149.12,151.7 1 0
github.com/guilhermegouw/cdd/internal/tools/grep.go:154.5,154.18 1 4
github.com/guilhermegouw/cdd/internal/tools/grep.go:154.18,156.6 1 0
github.com/guilhermegouw/cdd/internal/tools/grep.go:159.4,165.10 1 6
github.com/guilhermegouw/cdd/internal/tools/grep.go:170.112,172.16 2 7
github.com/guilhermegouw/cdd/internal/tools/grep.go:172.16,174.3 1 1
github.com/guilhermegouw/cdd/internal/tools/grep.go:176.2,177.19 2 6
github.com/guilhermegouw/cdd/internal/tools/grep.go:177.19,180.17 3 1
github.com/guilhermegouw/cdd/internal/tools/grep.go:180.17,182.4 1 0
github.com/guilhermegouw/cdd/internal/tools/grep.go:185.2,187.85 2 6
github.com/guilhermegouw/cdd/internal/tools/grep.go:187.85,189.10 1 32
github.com/guilhermegouw/cdd/internal/tools/grep.go:190.21,191.20 1 0
github.com/guilhermegouw/cdd/internal/tools/grep.go:192.11,192.11 0 32
github.com/guilhermegouw/cdd/internal/tools/grep.go:195.3,195.17 1 32
github.com/guilhermegouw/cdd/internal/tools/grep.go:195.17,197.4 1 0
github.com/guilhermegouw/cdd/internal/tools/grep.go:199.3,199.19 1 32
github.com/guilhermegouw/cdd/internal/tools/grep.go:199.19,201.65 1 11
github.com/guilhermegouw/cdd/internal/tools/grep.go:201.65,203.5 1 0
github.com/guilhermegouw/cdd/internal/tools/grep.go:205.4,205.23 1 11
github.com/guilhermegouw/cdd/internal/tools/grep.go:206.57,207.28 1 0
github.com/guilhermegouw/cdd/internal/tools/grep.go:209.4,209.14 1 11
github.com/guilhermegouw/cdd/internal/tools/grep.go:213.3,213.42 1 21
github.com/guilhermegouw/cdd/internal/tools/grep.go:213.42,215.4 1 0
github.com/guilhermegouw/cdd/internal/tools/grep.go:218.3,218.65 1 21
github.com/guilhermegouw/cdd/internal/tools/grep.go:218.65,220.4 1 1
github.com/guilhermegouw/cdd/internal/tools/grep.go:223.3,223.24 1 20
github.com/guilhermegouw/cdd/internal/tools/grep.go:223.24,225.4 1 0
github.com/guilhermegouw/cdd/internal/tools/grep.go:227.3,228.27 2 20
github.com/guilhermegouw/cdd/internal/tools/grep.go:228.27,230.4 1 15
github.com/guilhermegouw/cdd/internal/tools/grep.go:232.3,240.30 2 5
github.com/guilhermegouw/cdd/internal/tools/grep.go:240.30,242.4 1 0
github.com/guilhermegouw/cdd/internal/tools/grep.go:244.3,244.13 1 5
github.com/guilhermegouw/cdd/internal/tools/grep.go:247.2,247.53 1 6
github.com/guilhermegouw/cdd/internal/tools/grep.go:247.53,249.3 1 0
github.com/guilhermegouw/cdd/internal/tools/grep.go:252.2,252.42 1 6
github.com/guilhermegouw/cdd/internal/tools/grep.go:252.42,254.3 1 1
github.com/guilhermegouw/cdd/internal/tools/grep.go:256.2,257.15 2 6
github.com/guilhermegouw/cdd/internal/tools/grep.go:257.15,259.3 1 0
github.com/guilhermegouw/cdd/internal/tools/grep.go:261.2,261.32 1 6
github.com/guilhermegouw/cdd/internal/tools/grep.go:264.130,266.16 2 20
github.com/guilhermegouw/cdd/internal/tools/grep.go:266.16,268.3 1 0
github.com/guilhermegouw/cdd/internal/tools/grep.go:269.2,277.21 6 20
github.com/guilhermegouw/cdd/internal/tools/grep.go:277.21,280.55 3 116
github.com/guilhermegouw/cdd/internal/tools/grep.go:280.55,283.4 2 5
github.com/guilhermegouw/cdd/internal/tools/grep.go:286.2,286.39 1 15
github.com/guilhermegouw/cdd/internal/tools/grep.go:289.39,291.16 2 20
github.com/guilhermegouw/cdd/internal/tools/grep.go:291.16,293.3 1 0
github.com/guilhermegouw/cdd/internal/tools/grep.go:294.2,299.43 4 20
github.com/guilhermegouw/cdd/internal/tools/grep.go:299.43,301.3 1 0
github.com/guilhermegouw/cdd/internal/tools/grep.go:303.2,309.36 2 20
github.com/guilhermegouw/cdd/internal/tools/grep.go:312.38,319.89 5 1
github.com/guilhermegouw/cdd/internal/tools/grep.go:319.89,324.27 3 0
github.com/guilhermegouw/cdd/internal/tools/grep.go:324.27,326.4 1 0
github.com/guilhermegouw/cdd/internal/tools/grep.go:327.3,327.46 1 0
github.com/guilhermegouw/cdd/internal/tools/grep.go:330.2,330.21 1 1
github.com/guilhermegouw/cdd/internal/tools/read.go:49.55,53.101 1 2
github.com/guilhermegouw/cdd/internal/tools/read.go:53.101,54.29 1 7
github.com/guilhermegouw/cdd/internal/tools/read.go:54.29,56.5 1 1
github.com/guilhermegouw/cdd/internal/tools/read.go:59.4,63.18 3 6
github.com/guilhermegouw/cdd/internal/tools/read.go:63.18,64.27 1 1
github.com/guilhermegouw/cdd/internal/tools/read.go:64.27,66.6 1 1
github.com/guilhermegouw/cdd/internal/tools/read.go:67.5,67.79 1 0
github.com/guilhermegouw/cdd/internal/tools/read.go:71.4,71.24 1 5
github.com/guilhermegouw/cdd/internal/tools/read.go:71.24,73.5 1 1
github.com/guilhermegouw/cdd/internal/tools/read.go:76.4,76.37 1 4
github.com/guilhermegouw/cdd/internal/tools/read.go:76.37,79.5 1 0
github.com/guilhermegouw/cdd/internal/tools/read.go:82.4,82.25 1 4
github.com/guilhermegouw/cdd/internal/tools/read.go:82.25,84.5 1 3
github.com/guilhermegouw/cdd/internal/tools/read.go:85.4,85.25 1 4
github.com/guilhermegouw/cdd/internal/tools/read.go:85.25,87.5 1 0
github.com/guilhermegouw/cdd/internal/tools/read.go:90.4,91.18 2 4
github.com/guilhermegouw/cdd/internal/tools/read.go:91.18,93.5 1 0
github.com/guilhermegouw/cdd/internal/tools/read.go:96.4,96.34 1 4
github.com/guilhermegouw/cdd/internal/tools/read.go:96.34,98.5 1 0
github.com/guilhermegouw/cdd/internal/tools/read.go:101.4,105.26 3 4
github.com/guilhermegouw/cdd/internal/tools/read.go:105.26,107.5 1 3
github.com/guilhermegouw/cdd/internal/tools/read.go:108.4,112.17 3 4
github.com/guilhermegouw/cdd/internal/tools/read.go:112.17,115.5 1 0
github.com/guilhermegouw/cdd/internal/tools/read.go:117.4,125.10 1 4
github.com/guilhermegouw/cdd/internal/tools/read.go:129.59,130.19 1 4
github.com/guilhermegouw/cdd/internal/tools/read.go:130.19,132.3 1 0
github.com/guilhermegouw/cdd/internal/tools/read.go:134.2,137.29 3 4
github.com/guilhermegouw/cdd/internal/tools/read.go:137.29,142.23 4 13
github.com/guilhermegouw/cdd/internal/tools/read.go:142.23,144.4 1 0
github.com/guilhermegouw/cdd/internal/tools/read.go:144.9,147.4 2 13
github.com/guilhermegouw/cdd/internal/tools/read.go:150.2,150.35 1 4
github.com/guilhermegouw/cdd/internal/tools/read.go:153.110,155.16 2 4
github.com/guilhermegouw/cdd/internal/tools/read.go:155.16,157.3 1 0
github.com/guilhermegouw/cdd/internal/tools/read.go:158.2,164.44 4 4
github.com/guilhermegouw/cdd/internal/tools/read.go:164.44,166.3 1 2
github.com/guilhermegouw/cdd/internal/tools/read.go:167.2,167.46 1 4
github.com/guilhermegouw/cdd/internal/tools/read.go:167.46,169.3 1 0
github.com/guilhermegouw/cdd/internal/tools/read.go:172.2,172.17 1 4
github.com/guilhermegouw/cdd/internal/tools/read.go:172.17,174.17 2 3
github.com/guilhermegouw/cdd/internal/tools/read.go:174.17,176.4 1 0
github.com/guilhermegouw/cdd/internal/tools/read.go:177.3,177.33 1 3
github.com/guilhermegouw/cdd/internal/tools/read.go:181.2,182.43 2 4
github.com/guilhermegouw/cdd/internal/tools/read.go:182.43,185.36 3 13
github.com/guilhermegouw/cdd/internal/tools/read.go:185.36,187.4 1 1
github.com/guilhermegouw/cdd/internal/tools/read.go:188.3,188.34 1 13
github.com/guilhermegouw/cdd/internal/tools/read.go:192.2,192.21 1 4
github.com/guilhermegouw/cdd/internal/tools/read.go:192.21,194.3 1 0
github.com/guilhermegouw/cdd/internal/tools/read.go:196.2,196.46 1 4
github.com/guilhermegouw/cdd/internal/tools/read.go:196.46,198.3 1 0
github.com/guilhermegouw/cdd/internal/tools/read.go:200.2,200.63 1 4
github.com/guilhermegouw/cdd/internal/tools/read.go:208.47,214.2 4 7
github.com/guilhermegouw/cdd/internal/tools/read.go:216.35,218.2 1 23
github.com/guilhermegouw/cdd/internal/tools/read.go:220.37,222.2 1 13
github.com/guilhermegouw/cdd/internal/tools/read.go:224.35,226.2 1 8
github.com/guilhermegouw/cdd/internal/tools/registry.go:22.30,27.2 1 0
github.com/guilhermegouw/cdd/internal/tools/registry.go:30.72,33.2 2 0
github.com/guilhermegouw/cdd/internal/tools/registry.go:36.63,39.2 2 0
github.com/guilhermegouw/cdd/internal/tools/registry.go:42.46,44.31 2 0
github.com/guilhermegouw/cdd/internal/tools/registry.go:44.31,46.3 1 0
github.com/guilhermegouw/cdd/internal/tools/registry.go:47.2,47.14 1 0
github.com/guilhermegouw/cdd/internal/tools/registry.go:51.63,53.29 2 0
github.com/guilhermegouw/cdd/internal/tools/registry.go:53.29,54.36 1 0
github.com/guilhermegouw/cdd/internal/tools/registry.go:54.36,56.4 1 0
github.com/guilhermegouw/cdd/internal/tools/registry.go:58.2,58.14 1 0
github.com/guilhermegouw/cdd/internal/tools/registry.go:62.52,64.34 2 0
github.com/guilhermegouw/cdd/internal/tools/registry.go:64.34,65.52 1 0
github.com/guilhermegouw/cdd/internal/tools/registry.go:65.52,67.4 1 0
github.com/guilhermegouw/cdd/internal/tools/registry.go:69.2,69.14 1 0
github.com/guilhermegouw/cdd/internal/tools/registry.go:73.63,76.2 2 0
github.com/guilhermegouw/cdd/internal/tools/registry.go:79.37,81.28 2 0
github.com/guilhermegouw/cdd/internal/tools/registry.go:81.28,83.3 1 0
github.com/guilhermegouw/cdd/internal/tools/registry.go:84.2,84.14 1 0
github.com/guilhermegouw/cdd/internal/tools/registry.go:88.51,136.2 8 0
github.com/guilhermegouw/cdd/internal/tools/tool.go:27.75,29.2 1 0
github.com/guilhermegouw/cdd/internal/tools/tool.go:32.55,34.22 2 0
github.com/guilhermegouw/cdd/internal/tools/tool.go:34.22,36.3 1 0
github.com/guilhermegouw/cdd/internal/tools/tool.go:37.2,38.9 2 0
github.com/guilhermegouw/cdd/internal/tools/tool.go:38.9,40.3 1 0
github.com/guilhermegouw/cdd/internal/tools/tool.go:41.2,41.10 1 0
github.com/guilhermegouw/cdd/internal/tools/tool.go:45.75,47.2 1 0
github.com/guilhermegouw/cdd/internal/tools/tool.go:50.55,52.22 2 0
github.com/guilhermegouw/cdd/internal/tools/tool.go:52.22,54.3 1 0
github.com/guilhermegouw/cdd/internal/tools/tool.go:55.2,56.9 2 0
github.com/guilhermegouw/cdd/internal/tools/tool.go:56.9,58.3 1 0
github.com/guilhermegouw/cdd/internal/tools/tool.go:59.2,59.10 1 0
github.com/guilhermegouw/cdd/internal/tools/tool.go:63.77,65.2 1 0
github.com/guilhermegouw/cdd/internal/tools/tool.go:68.56,70.23 2 0
github.com/guilhermegouw/cdd/internal/tools/tool.go:70.23,72.3 1 0
github.com/guilhermegouw/cdd/internal/tools/tool.go:73.2,74.9 2 0
github.com/guilhermegouw/cdd/internal/tools/tool.go:74.9,76.3 1 0
github.com/guilhermegouw/cdd/internal/tools/tool.go:77.2,77.10 1 0
github.com/guilhermegouw/cdd/internal/tools/tool.go:81.50,82.26 1 24
github.com/guilhermegouw/cdd/internal/tools/tool.go:82.26,84.3 1 20
github.com/guilhermegouw/cdd/internal/tools/tool.go:85.2,85.56 1 4
github.com/guilhermegouw/cdd/internal/tools/tool.go:89.45,91.16 2 0
github.com/guilhermegouw/cdd/internal/tools/tool.go:91.16,93.3 1 0
github.com/guilhermegouw/cdd/internal/tools/tool.go:94.2,95.16 2 0
github.com/guilhermegouw/cdd/internal/tools/tool.go:95.16,97.3 1 0
github.com/guilhermegouw/cdd/internal/tools/tool.go:98.2,99.16 2 0
github.com/guilhermegouw/cdd/internal/tools/tool.go:99.16,101.3 1 0
github.com/guilhermegouw/cdd/internal/tools/tool.go:102.2,102.38 1 0
github.com/guilhermegouw/cdd/internal/tools/tool.go:118.34,123.13 4 18
github.com/guilhermegouw/cdd/internal/tools/tool.go:123.13,125.3 1 9
github.com/guilhermegouw/cdd/internal/tools/tool.go:126.2,127.28 2 18
github.com/guilhermegouw/cdd/internal/tools/tool.go:131.45,136.13 4 13
github.com/guilhermegouw/cdd/internal/tools/tool.go:136.13,138.3 1 1
github.com/guilhermegouw/cdd/internal/tools/tool.go:139.2,139.24 1 12
github.com/guilhermegouw/cdd/internal/tools/tool.go:143.35,148.13 4 7
github.com/guilhermegouw/cdd/internal/tools/tool.go:148.13,150.3 1 3
github.com/guilhermegouw/cdd/internal/tools/tool.go:151.2,152.28 2 7
github.com/guilhermegouw/cdd/internal/tools/tool.go:156.46,161.13 4 0
github.com/guilhermegouw/cdd/internal/tools/tool.go:161.13,163.3 1 0
github.com/guilhermegouw/cdd/internal/tools/tool.go:164.2,164.25 1 0
github.com/guilhermegouw/cdd/internal/tools/tool.go:168.25,172.2 3 14
github.com/guilhermegouw/cdd/internal/tools/write.go:39.56,43.102 1 1
github.com/guilhermegouw/cdd/internal/tools/write.go:43.102,44.29 1 7
github.com/guilhermegouw/cdd/internal/tools/write.go:44.29,46.5 1 1
github.com/guilhermegouw/cdd/internal/tools/write.go:48.4,48.28 1 6
github.com/guilhermegouw/cdd/internal/tools/write.go:48.28,50.5 1 1
github.com/guilhermegouw/cdd/internal/tools/write.go:53.4,59.18 4 5
github.com/guilhermegouw/cdd/internal/tools/write.go:59.18,61.25 1 3
github.com/guilhermegouw/cdd/internal/tools/write.go:61.25,63.6 1 1
github.com/guilhermegouw/cdd/internal/tools/write.go:66.5,68.54 3 2
github.com/guilhermegouw/cdd/internal/tools/write.go:68.54,75.6 1 0
github.com/guilhermegouw/cdd/internal/tools/write.go:78.5,79.63 2 2
github.com/guilhermegouw/cdd/internal/tools/write.go:79.63,82.6 1 1
github.com/guilhermegouw/cdd/internal/tools/write.go:83.10,83.34 1 2
github.com/guilhermegouw/cdd/internal/tools/write.go:83.34,85.5 1 0
github.com/guilhermegouw/cdd/internal/tools/write.go:88.4,89.50 2 3
github.com/guilhermegouw/cdd/internal/tools/write.go:89.50,91.5 1 0
github.com/guilhermegouw/cdd/internal/tools/write.go:94.4,94.80 1 3
github.com/guilhermegouw/cdd/internal/tools/write.go:94.80,96.5 1 0
github.com/guilhermegouw/cdd/internal/tools/write.go:99.4,103.15 4 3
github.com/guilhermegouw/cdd/internal/tools/write.go:103.15,105.5 1 2
github.com/guilhermegouw/cdd/internal/tools/write.go:107.4,114.10 1 3
github.com/guilhermegouw/cdd/internal/tools/write.go:119.82,124.32 4 3
github.com/guilhermegouw/cdd/internal/tools/write.go:124.32,126.3 1 3
github.com/guilhermegouw/cdd/internal/tools/write.go:128.2,128.32 1 3
github.com/guilhermegouw/cdd/internal/tools/write.go:128.32,129.23 1 3
github.com/guilhermegouw/cdd/internal/tools/write.go:129.23,131.4 1 0
github.com/guilhermegouw/cdd/internal/tools/write.go:131.9,133.4 1 3
github.com/guilhermegouw/cdd/internal/tools/write.go:136.2,136.31 1 3
github.com/guilhermegouw/cdd/internal/tools/write.go:136.31,138.3 1 3
github.com/guilhermegouw/cdd/internal/tools/write.go:140.2,140.28 1 3
github.com/guilhermegouw/cdd/internal/tui/components/wizard/apikey.go:30.55,45.2 9 2
github.com/guilhermegouw/cdd/internal/tui/components/wizard/apikey.go:48.38,50.2 1 1
github.com/guilhermegouw/cdd/internal/tui/components/wizard/apikey.go:53.65,54.40 1 0
github.com/guilhermegouw/cdd/internal/tui/components/wizard/apikey.go:54.40,55.26 1 0
github.com/guilhermegouw/cdd/internal/tui/components/wizard/apikey.go:56.17,58.19 2 0
github.com/guilhermegouw/cdd/internal/tui/components/wizard/apikey.go:58.19,62.5 1 0
github.com/guilhermegouw/cdd/internal/tui/components/wizard/apikey.go:63.14,65.50 1 0
github.com/guilhermegouw/cdd/internal/tui/components/wizard/apikey.go:65.50,67.5 1 0
github.com/guilhermegouw/cdd/internal/tui/components/wizard/apikey.go:67.10,69.5 1 0
github.com/guilhermegouw/cdd/internal/tui/components/wizard/apikey.go:70.4,70.17 1 0
github.com/guilhermegouw/cdd/internal/tui/components/wizard/apikey.go:74.2,79.18 4 0
github.com/guilhermegouw/cdd/internal/tui/components/wizard/apikey.go:79.18,81.3 1 0
github.com/guilhermegouw/cdd/internal/tui/components/wizard/apikey.go:83.2,83.15 1 0
github.com/guilhermegouw/cdd/internal/tui/components/wizard/apikey.go:87.37,116.2 9 0
github.com/guilhermegouw/cdd/internal/tui/components/wizard/apikey.go:119.44,121.2 1 1
github.com/guilhermegouw/cdd/internal/tui/components/wizard/apikey.go:124.43,127.2 2 0
github.com/guilhermegouw/cdd/internal/tui/components/wizard/apikey.go:130.38,132.2 1 0
github.com/guilhermegouw/cdd/internal/tui/components/wizard/apikey.go:135.52,137.2 1 0
github.com/guilhermegouw/cdd/internal/tui/components/wizard/apikey.go:140.31,143.2 2 1
github.com/guilhermegouw/cdd/internal/tui/components/wizard/method.go:33.67,38.2 1 13
github.com/guilhermegouw/cdd/internal/tui/components/wizard/method.go:41.44,43.2 1 1
github.com/guilhermegouw/cdd/internal/tui/components/wizard/method.go:46.71,48.9 2 8
github.com/guilhermegouw/cdd/internal/tui/components/wizard/method.go:48.9,50.3 1 1
github.com/guilhermegouw/cdd/internal/tui/components/wizard/method.go:52.2,52.25 1 7
github.com/guilhermegouw/cdd/internal/tui/components/wizard/method.go:53.19,54.32 1 2
github.com/guilhermegouw/cdd/internal/tui/components/wizard/method.go:55.20,56.32 1 2
github.com/guilhermegouw/cdd/internal/tui/components/wizard/method.go:57.13,58.19 1 2
github.com/guilhermegouw/cdd/internal/tui/components/wizard/method.go:59.16,60.71 1 1
github.com/guilhermegouw/cdd/internal/tui/components/wizard/method.go:62.2,62.15 1 6
github.com/guilhermegouw/cdd/internal/tui/components/wizard/method.go:66.43,96.36 10 1
github.com/guilhermegouw/cdd/internal/tui/components/wizard/method.go:96.36,99.3 2 1
github.com/guilhermegouw/cdd/internal/tui/components/wizard/method.go:99.8,102.3 2 0
github.com/guilhermegouw/cdd/internal/tui/components/wizard/method.go:104.2,114.3 3 1
github.com/guilhermegouw/cdd/internal/tui/components/wizard/method.go:118.45,120.2 1 3
github.com/guilhermegouw/cdd/internal/tui/components/wizard/method.go:122.44,123.36 1 4
github.com/guilhermegouw/cdd/internal/tui/components/wizard/method.go:123.36,125.3 1 2
github.com/guilhermegouw/cdd/internal/tui/components/wizard/method.go:125.8,127.3 1 2
github.com/guilhermegouw/cdd/internal/tui/components/wizard/model.go:32.77,39.2 1 0
github.com/guilhermegouw/cdd/internal/tui/components/wizard/model.go:42.36,44.2 1 0
github.com/guilhermegouw/cdd/internal/tui/components/wizard/model.go:47.63,49.9 2 0
github.com/guilhermegouw/cdd/internal/tui/components/wizard/model.go:49.9,51.3 1 0
github.com/guilhermegouw/cdd/internal/tui/components/wizard/model.go:53.2,53.25 1 0
github.com/guilhermegouw/cdd/internal/tui/components/wizard/model.go:54.19,55.19 1 0
github.com/guilhermegouw/cdd/internal/tui/components/wizard/model.go:55.19,57.4 1 0
github.com/guilhermegouw/cdd/internal/tui/components/wizard/model.go:58.21,59.33 1 0
github.com/guilhermegouw/cdd/internal/tui/components/wizard/model.go:59.33,61.4 1 0
github.com/guilhermegouw/cdd/internal/tui/components/wizard/model.go:62.16,63.24 1 0
github.com/guilhermegouw/cdd/internal/tui/components/wizard/model.go:63.24,68.4 1 0
github.com/guilhermegouw/cdd/internal/tui/components/wizard/model.go:70.2,70.15 1 0
github.com/guilhermegouw/cdd/internal/tui/components/wizard/model.go:74.35,79.23 4 0
github.com/guilhermegouw/cdd/internal/tui/components/wizard/model.go:79.23,82.3 2 0
github.com/guilhermegouw/cdd/internal/tui/components/wizard/model.go:84.2,89.26 5 0
github.com/guilhermegouw/cdd/internal/tui/components/wizard/model.go:89.26,93.20 3 0
github.com/guilhermegouw/cdd/internal/tui/components/wizard/model.go:93.20,96.4 2 0
github.com/guilhermegouw/cdd/internal/tui/components/wizard/model.go:98.3,100.40 3 0
github.com/guilhermegouw/cdd/internal/tui/components/wizard/model.go:103.2,112.3 2 0
github.com/guilhermegouw/cdd/internal/tui/components/wizard/model.go:116.48,119.2 2 0
github.com/guilhermegouw/cdd/internal/tui/components/wizard/model.go:122.52,123.24 1 0
github.com/guilhermegouw/cdd/internal/tui/components/wizard/model.go:123.24,125.3 1 0
github.com/guilhermegouw/cdd/internal/tui/components/wizard/model.go:126.2,126.28 1 0
github.com/guilhermegouw/cdd/internal/tui/components/wizard/model.go:130.55,133.2 2 0
github.com/guilhermegouw/cdd/internal/tui/components/wizard/model.go:136.54,137.26 1 0
github.com/guilhermegouw/cdd/internal/tui/components/wizard/model.go:137.26,138.32 1 0
github.com/guilhermegouw/cdd/internal/tui/components/wizard/model.go:138.32,141.4 2 0
github.com/guilhermegouw/cdd/internal/tui/components/wizard/oauth.go:73.34,77.2 1 21
github.com/guilhermegouw/cdd/internal/tui/components/wizard/oauth.go:80.37,85.16 3 17
github.com/guilhermegouw/cdd/internal/tui/components/wizard/oauth.go:85.16,88.3 2 0
github.com/guilhermegouw/cdd/internal/tui/components/wizard/oauth.go:91.2,92.16 2 17
github.com/guilhermegouw/cdd/internal/tui/components/wizard/oauth.go:92.16,95.3 2 0
github.com/guilhermegouw/cdd/internal/tui/components/wizard/oauth.go:97.2,114.12 10 17
github.com/guilhermegouw/cdd/internal/tui/components/wizard/oauth.go:118.64,121.52 2 2
[...]
github.com/guilhermegouw/cdd/internal/tui/components/wizard/wizard.go:209.41,213.3 3 0
github.com/guilhermegouw/cdd/internal/tui/components/wizard/wizard.go:215.2,216.15 2 0
github.com/guilhermegouw/cdd/internal/tui/components/wizard/wizard.go:219.70,220.41 1 0
github.com/guilhermegouw/cdd/internal/tui/components/wizard/wizard.go:220.41,225.3 4 0
github.com/guilhermegouw/cdd/internal/tui/components/wizard/wizard.go:227.2,228.15 2 0
github.com/guilhermegouw/cdd/internal/tui/components/wizard/wizard.go:231.27,232.16 1 7
github.com/guilhermegouw/cdd/internal/tui/components/wizard/wizard.go:233.22,235.27 2 1
github.com/guilhermegouw/cdd/internal/tui/components/wizard/wizard.go:236.17,238.20 2 1
github.com/guilhermegouw/cdd/internal/tui/components/wizard/wizard.go:239.18,241.66 1 1
github.com/guilhermegouw/cdd/internal/tui/components/wizard/wizard.go:241.66,244.4 2 1
github.com/guilhermegouw/cdd/internal/tui/components/wizard/wizard.go:244.9,247.4 2 0
github.com/guilhermegouw/cdd/internal/tui/components/wizard/wizard.go:248.22,250.26 1 1
github.com/guilhermegouw/cdd/internal/tui/components/wizard/wizard.go:250.26,252.4 1 0
github.com/guilhermegouw/cdd/internal/tui/components/wizard/wizard.go:252.9,254.28 2 1
github.com/guilhermegouw/cdd/internal/tui/components/wizard/wizard.go:254.28,256.5 1 1
github.com/guilhermegouw/cdd/internal/tui/components/wizard/wizard.go:258.22,259.26 1 1
github.com/guilhermegouw/cdd/internal/tui/components/wizard/wizard.go:260.34,260.34 0 2
github.com/guilhermegouw/cdd/internal/tui/components/wizard/wizard.go:265.39,266.24 1 0
github.com/guilhermegouw/cdd/internal/tui/components/wizard/wizard.go:266.24,269.26 2 0
github.com/guilhermegouw/cdd/internal/tui/components/wizard/wizard.go:269.26,277.4 1 0
github.com/guilhermegouw/cdd/internal/tui/components/wizard/wizard.go:277.9,285.4 1 0
github.com/guilhermegouw/cdd/internal/tui/components/wizard/wizard.go:287.3,287.17 1 0
github.com/guilhermegouw/cdd/internal/tui/components/wizard/wizard.go:287.17,292.4 1 0
github.com/guilhermegouw/cdd/internal/tui/components/wizard/wizard.go:293.3,298.4 1 0
github.com/guilhermegouw/cdd/internal/tui/components/wizard/wizard.go:303.32,310.16 4 2
github.com/guilhermegouw/cdd/internal/tui/components/wizard/wizard.go:311.20,312.34 1 1
github.com/guilhermegouw/cdd/internal/tui/components/wizard/wizard.go:313.22,314.38 1 0
github.com/guilhermegouw/cdd/internal/tui/components/wizard/wizard.go:315.17,316.31 1 0
github.com/guilhermegouw/cdd/internal/tui/components/wizard/wizard.go:317.18,318.33 1 0
github.com/guilhermegouw/cdd/internal/tui/components/wizard/wizard.go:319.22,320.32 1 0
github.com/guilhermegouw/cdd/internal/tui/components/wizard/wizard.go:321.22,322.32 1 0
github.com/guilhermegouw/cdd/internal/tui/components/wizard/wizard.go:323.20,324.31 1 1
github.com/guilhermegouw/cdd/internal/tui/components/wizard/wizard.go:328.2,329.52 2 2
github.com/guilhermegouw/cdd/internal/tui/components/wizard/wizard.go:329.52,331.3 1 0
github.com/guilhermegouw/cdd/internal/tui/components/wizard/wizard.go:334.2,358.3 5 2
github.com/guilhermegouw/cdd/internal/tui/components/wizard/wizard.go:361.42,368.130 4 2
github.com/guilhermegouw/cdd/internal/tui/components/wizard/wizard.go:368.130,371.3 2 1
github.com/guilhermegouw/cdd/internal/tui/components/wizard/wizard.go:371.8,374.3 2 1
github.com/guilhermegouw/cdd/internal/tui/components/wizard/wizard.go:376.2,377.29 2 2
github.com/guilhermegouw/cdd/internal/tui/components/wizard/wizard.go:377.29,379.28 2 9
github.com/guilhermegouw/cdd/internal/tui/components/wizard/wizard.go:379.28,381.4 1 1
github.com/guilhermegouw/cdd/internal/tui/components/wizard/wizard.go:381.9,381.34 1 8
github.com/guilhermegouw/cdd/internal/tui/components/wizard/wizard.go:381.34,383.4 1 5
github.com/guilhermegouw/cdd/internal/tui/components/wizard/wizard.go:384.3,385.23 2 9
github.com/guilhermegouw/cdd/internal/tui/components/wizard/wizard.go:385.23,387.4 1 7
github.com/guilhermegouw/cdd/internal/tui/components/wizard/wizard.go:390.2,390.59 1 2
github.com/guilhermegouw/cdd/internal/tui/components/wizard/wizard.go:393.42,399.25 4 1
github.com/guilhermegouw/cdd/internal/tui/components/wizard/wizard.go:399.25,401.3 1 0
github.com/guilhermegouw/cdd/internal/tui/components/wizard/wizard.go:403.2,421.3 4 1
github.com/guilhermegouw/cdd/internal/tui/components/wizard/wizard.go:425.45,429.27 3 2
github.com/guilhermegouw/cdd/internal/tui/components/wizard/wizard.go:429.27,431.3 1 2
github.com/guilhermegouw/cdd/internal/tui/components/wizard/wizard.go:432.2,432.31 1 2
github.com/guilhermegouw/cdd/internal/tui/components/wizard/wizard.go:432.31,434.3 1 0
github.com/guilhermegouw/cdd/internal/tui/components/wizard/wizard.go:435.2,435.24 1 2
github.com/guilhermegouw/cdd/internal/tui/components/wizard/wizard.go:435.24,437.3 1 0
github.com/guilhermegouw/cdd/internal/tui/components/wizard/wizard.go:438.2,438.26 1 2
github.com/guilhermegouw/cdd/internal/tui/components/wizard/wizard.go:438.26,440.3 1 0
github.com/guilhermegouw/cdd/internal/tui/components/wizard/wizard.go:441.2,441.25 1 2
github.com/guilhermegouw/cdd/internal/tui/components/wizard/wizard.go:441.25,443.3 1 0
github.com/guilhermegouw/cdd/internal/tui/components/wizard/wizard.go:444.2,444.25 1 2
github.com/guilhermegouw/cdd/internal/tui/components/wizard/wizard.go:444.25,446.3 1 0
github.com/guilhermegouw/cdd/internal/tui/components/wizard/wizard.go:450.36,452.2 1 2
github.com/guilhermegouw/cdd/internal/tui/components/wizard/wizard.go:455.39,456.50 1 3
github.com/guilhermegouw/cdd/internal/tui/components/wizard/wizard.go:456.50,458.3 1 1
github.com/guilhermegouw/cdd/internal/tui/components/wizard/wizard.go:459.2,459.47 1 2
github.com/guilhermegouw/cdd/internal/tui/components/wizard/wizard.go:459.47,461.3 1 1
github.com/guilhermegouw/cdd/internal/tui/components/wizard/wizard.go:462.2,462.12 1 1
github.com/guilhermegouw/cdd/internal/tui/components/wizard/wizard.go:465.39,466.16 1 8
github.com/guilhermegouw/cdd/internal/tui/components/wizard/wizard.go:467.20,468.11 1 1
github.com/guilhermegouw/cdd/internal/tui/components/wizard/wizard.go:469.22,470.11 1 1
github.com/guilhermegouw/cdd/internal/tui/components/wizard/wizard.go:471.29,472.11 1 2
github.com/guilhermegouw/cdd/internal/tui/components/wizard/wizard.go:473.22,474.11 1 1
github.com/guilhermegouw/cdd/internal/tui/components/wizard/wizard.go:475.22,476.11 1 1
github.com/guilhermegouw/cdd/internal/tui/components/wizard/wizard.go:477.20,478.11 1 2
github.com/guilhermegouw/cdd/internal/tui/components/wizard/wizard.go:480.2,480.10 1 0
github.com/guilhermegouw/cdd/internal/tui/components/wizard/wizard.go:483.40,484.16 1 8
github.com/guilhermegouw/cdd/internal/tui/components/wizard/wizard.go:485.20,486.11 1 2
github.com/guilhermegouw/cdd/internal/tui/components/wizard/wizard.go:487.45,488.11 1 3
github.com/guilhermegouw/cdd/internal/tui/components/wizard/wizard.go:489.22,490.11 1 1
github.com/guilhermegouw/cdd/internal/tui/components/wizard/wizard.go:491.22,492.11 1 1
github.com/guilhermegouw/cdd/internal/tui/components/wizard/wizard.go:493.20,494.11 1 1
github.com/guilhermegouw/cdd/internal/tui/components/wizard/wizard.go:495.10,496.11 1 0
github.com/guilhermegouw/cdd/internal/tui/page/chat/chat.go:57.41,64.2 1 0
github.com/guilhermegouw/cdd/internal/tui/page/chat/chat.go:67.44,69.2 1 0
github.com/guilhermegouw/cdd/internal/tui/page/chat/chat.go:72.32,79.2 4 0
github.com/guilhermegouw/cdd/internal/tui/page/chat/chat.go:82.59,85.27 2 0
github.com/guilhermegouw/cdd/internal/tui/page/chat/chat.go:86.18,88.26 2 0
github.com/guilhermegouw/cdd/internal/tui/page/chat/chat.go:90.25,96.16 5 0
github.com/guilhermegouw/cdd/internal/tui/page/chat/chat.go:98.21,99.35 1 0
github.com/guilhermegouw/cdd/internal/tui/page/chat/chat.go:99.35,101.4 1 0
github.com/guilhermegouw/cdd/internal/tui/page/chat/chat.go:102.3,102.16 1 0
github.com/guilhermegouw/cdd/internal/tui/page/chat/chat.go:104.25,106.16 2 0
github.com/guilhermegouw/cdd/internal/tui/page/chat/chat.go:108.27,110.16 2 0
github.com/guilhermegouw/cdd/internal/tui/page/chat/chat.go:112.25,118.28 5 0
github.com/guilhermegouw/cdd/internal/tui/page/chat/chat.go:120.22,124.28 4 0
github.com/guilhermegouw/cdd/internal/tui/page/chat/chat.go:128.2,130.19 3 0
github.com/guilhermegouw/cdd/internal/tui/page/chat/chat.go:130.19,132.3 1 0
github.com/guilhermegouw/cdd/internal/tui/page/chat/chat.go:135.2,137.21 3 0
github.com/guilhermegouw/cdd/internal/tui/page/chat/chat.go:137.21,139.3 1 0
github.com/guilhermegouw/cdd/internal/tui/page/chat/chat.go:141.2,141.30 1 0
github.com/guilhermegouw/cdd/internal/tui/page/chat/chat.go:144.65,145.22 1 0
github.com/guilhermegouw/cdd/internal/tui/page/chat/chat.go:146.15,147.20 1 0
github.com/guilhermegouw/cdd/internal/tui/page/chat/chat.go:147.20,149.4 1 0
github.com/guilhermegouw/cdd/internal/tui/page/chat/chat.go:151.3,152.18 2 0
github.com/guilhermegouw/cdd/internal/tui/page/chat/chat.go:152.18,154.4 1 0
github.com/guilhermegouw/cdd/internal/tui/page/chat/chat.go:157.3,174.16 8 0
github.com/guilhermegouw/cdd/internal/tui/page/chat/chat.go:176.16,177.20 1 0
github.com/guilhermegouw/cdd/internal/tui/page/chat/chat.go:177.20,180.4 2 0
github.com/guilhermegouw/cdd/internal/tui/page/chat/chat.go:181.3,181.21 1 0
github.com/guilhermegouw/cdd/internal/tui/page/chat/chat.go:183.13,184.20 1 0
github.com/guilhermegouw/cdd/internal/tui/page/chat/chat.go:184.20,187.4 2 0
github.com/guilhermegouw/cdd/internal/tui/page/chat/chat.go:191.2,196.19 4 0
github.com/guilhermegouw/cdd/internal/tui/page/chat/chat.go:196.19,198.3 1 0
github.com/guilhermegouw/cdd/internal/tui/page/chat/chat.go:201.2,203.21 3 0
github.com/guilhermegouw/cdd/internal/tui/page/chat/chat.go:203.21,205.3 1 0
github.com/guilhermegouw/cdd/internal/tui/page/chat/chat.go:207.2,207.30 1 0
github.com/guilhermegouw/cdd/internal/tui/page/chat/chat.go:210.52,211.24 1 0
github.com/guilhermegouw/cdd/internal/tui/page/chat/chat.go:211.24,217.41 3 0
github.com/guilhermegouw/cdd/internal/tui/page/chat/chat.go:217.41,219.25 2 0
github.com/guilhermegouw/cdd/internal/tui/page/chat/chat.go:219.25,221.6 1 0
github.com/guilhermegouw/cdd/internal/tui/page/chat/chat.go:222.5,222.15 1 0
github.com/guilhermegouw/cdd/internal/tui/page/chat/chat.go:224.46,225.25 1 0
github.com/guilhermegouw/cdd/internal/tui/page/chat/chat.go:225.25,227.6 1 0
github.com/guilhermegouw/cdd/internal/tui/page/chat/chat.go:228.5,228.15 1 0
github.com/guilhermegouw/cdd/internal/tui/page/chat/chat.go:230.50,231.25 1 0
github.com/guilhermegouw/cdd/internal/tui/page/chat/chat.go:231.25,233.6 1 0
github.com/guilhermegouw/cdd/internal/tui/page/chat/chat.go:234.5,234.15 1 0
github.com/guilhermegouw/cdd/internal/tui/page/chat/chat.go:236.29,237.25 1 0
github.com/guilhermegouw/cdd/internal/tui/page/chat/chat.go:237.25,239.6 1 0
github.com/guilhermegouw/cdd/internal/tui/page/chat/chat.go:240.5,240.15 1 0
github.com/guilhermegouw/cdd/internal/tui/page/chat/chat.go:242.29,243.25 1 0
github.com/guilhermegouw/cdd/internal/tui/page/chat/chat.go:243.25,245.6 1 0
github.com/guilhermegouw/cdd/internal/tui/page/chat/chat.go:249.3,254.17 3 0
github.com/guilhermegouw/cdd/internal/tui/page/chat/chat.go:254.17,256.4 1 0
github.com/guilhermegouw/cdd/internal/tui/page/chat/chat.go:258.3,258.29 1 0
github.com/guilhermegouw/cdd/internal/tui/page/chat/chat.go:263.31,295.2 12 0
github.com/guilhermegouw/cdd/internal/tui/page/chat/chat.go:298.44,301.2 2 0
github.com/guilhermegouw/cdd/internal/tui/page/chat/chat.go:304.38,305.20 1 0
github.com/guilhermegouw/cdd/internal/tui/page/chat/chat.go:305.20,307.3 1 0
github.com/guilhermegouw/cdd/internal/tui/page/chat/chat.go:308.2,308.12 1 0
github.com/guilhermegouw/cdd/internal/tui/page/chat/input.go:19.24,29.2 5 0
github.com/guilhermegouw/cdd/internal/tui/page/chat/input.go:32.32,34.2 1 0
github.com/guilhermegouw/cdd/internal/tui/page/chat/input.go:37.55,38.16 1 0
github.com/guilhermegouw/cdd/internal/tui/page/chat/input.go:38.16,40.3 1 0
github.com/guilhermegouw/cdd/internal/tui/page/chat/input.go:42.2,44.15 3 0
github.com/guilhermegouw/cdd/internal/tui/page/chat/input.go:48.31,53.15 3 0
github.com/guilhermegouw/cdd/internal/tui/page/chat/input.go:53.15,55.3 1 0
github.com/guilhermegouw/cdd/internal/tui/page/chat/input.go:57.2,63.16 2 0
github.com/guilhermegouw/cdd/internal/tui/page/chat/input.go:63.16,65.3 1 0
github.com/guilhermegouw/cdd/internal/tui/page/chat/input.go:67.2,67.46 1 0
github.com/guilhermegouw/cdd/internal/tui/page/chat/input.go:71.37,75.20 3 0
github.com/guilhermegouw/cdd/internal/tui/page/chat/input.go:75.20,77.3 1 0
github.com/guilhermegouw/cdd/internal/tui/page/chat/input.go:78.2,78.34 1 0
github.com/guilhermegouw/cdd/internal/tui/page/chat/input.go:82.32,84.2 1 0
github.com/guilhermegouw/cdd/internal/tui/page/chat/input.go:87.40,89.2 1 0
github.com/guilhermegouw/cdd/internal/tui/page/chat/input.go:92.25,94.2 1 0
github.com/guilhermegouw/cdd/internal/tui/page/chat/input.go:97.26,100.2 2 0
github.com/guilhermegouw/cdd/internal/tui/page/chat/input.go:103.27,106.2 2 0
github.com/guilhermegouw/cdd/internal/tui/page/chat/input.go:109.34,111.2 1 0
github.com/guilhermegouw/cdd/internal/tui/page/chat/input.go:114.33,116.2 1 0
github.com/guilhermegouw/cdd/internal/tui/page/chat/input.go:119.24,121.2 1 0
github.com/guilhermegouw/cdd/internal/tui/page/chat/input.go:124.38,126.2 1 0
github.com/guilhermegouw/cdd/internal/tui/page/chat/markdown.go:24.46,26.2 1 5
github.com/guilhermegouw/cdd/internal/tui/page/chat/markdown.go:30.78,31.19 1 16
github.com/guilhermegouw/cdd/internal/tui/page/chat/markdown.go:31.19,33.3 1 2
github.com/guilhermegouw/cdd/internal/tui/page/chat/markdown.go:35.2,36.16 2 14
github.com/guilhermegouw/cdd/internal/tui/page/chat/markdown.go:36.16,38.3 1 0
github.com/guilhermegouw/cdd/internal/tui/page/chat/markdown.go:40.2,41.16 2 14
github.com/guilhermegouw/cdd/internal/tui/page/chat/markdown.go:41.16,43.3 1 0
github.com/guilhermegouw/cdd/internal/tui/page/chat/markdown.go:45.2,45.22 1 14
github.com/guilhermegouw/cdd/internal/tui/page/chat/markdown.go:48.82,50.49 2 14
github.com/guilhermegouw/cdd/internal/tui/page/chat/markdown.go:50.49,53.3 2 9
github.com/guilhermegouw/cdd/internal/tui/page/chat/markdown.go:54.2,60.49 4 5
github.com/guilhermegouw/cdd/internal/tui/page/chat/markdown.go:60.49,62.3 1 0
github.com/guilhermegouw/cdd/internal/tui/page/chat/markdown.go:64.2,71.16 3 5
github.com/guilhermegouw/cdd/internal/tui/page/chat/markdown.go:71.16,73.3 1 0
github.com/guilhermegouw/cdd/internal/tui/page/chat/markdown.go:75.2,77.22 3 5
github.com/guilhermegouw/cdd/internal/tui/page/chat/markdown.go:81.58,153.2 45 5
github.com/guilhermegouw/cdd/internal/tui/page/chat/markdown.go:156.34,156.47 1 100
github.com/guilhermegouw/cdd/internal/tui/page/chat/markdown.go:157.34,157.47 1 35
github.com/guilhermegouw/cdd/internal/tui/page/chat/markdown.go:160.39,163.2 2 30
github.com/guilhermegouw/cdd/internal/tui/page/chat/messages.go:27.36,32.2 1 0
github.com/guilhermegouw/cdd/internal/tui/page/chat/messages.go:35.61,38.2 2 0
github.com/guilhermegouw/cdd/internal/tui/page/chat/messages.go:41.56,44.2 2 0
github.com/guilhermegouw/cdd/internal/tui/page/chat/messages.go:47.50,48.26 1 0
github.com/guilhermegouw/cdd/internal/tui/page/chat/messages.go:48.26,50.3 1 0
github.com/guilhermegouw/cdd/internal/tui/page/chat/messages.go:51.2,52.19 2 0
github.com/guilhermegouw/cdd/internal/tui/page/chat/messages.go:56.50,58.55 1 0
github.com/guilhermegouw/cdd/internal/tui/page/chat/messages.go:58.55,60.3 1 0
github.com/guilhermegouw/cdd/internal/tui/page/chat/messages.go:62.2,65.14 3 0
github.com/guilhermegouw/cdd/internal/tui/page/chat/messages.go:65.14,75.3 6 0
github.com/guilhermegouw/cdd/internal/tui/page/chat/messages.go:75.8,80.3 3 0
github.com/guilhermegouw/cdd/internal/tui/page/chat/messages.go:84.67,87.14 2 0
github.com/guilhermegouw/cdd/internal/tui/page/chat/messages.go:87.14,90.3 2 0
github.com/guilhermegouw/cdd/internal/tui/page/chat/messages.go:93.2,108.15 5 0
github.com/guilhermegouw/cdd/internal/tui/page/chat/messages.go:112.37,113.14 1 0
github.com/guilhermegouw/cdd/internal/tui/page/chat/messages.go:113.14,115.3 1 0
github.com/guilhermegouw/cdd/internal/tui/page/chat/messages.go:116.2,116.26 1 0
github.com/guilhermegouw/cdd/internal/tui/page/chat/messages.go:120.40,122.2 1 0
github.com/guilhermegouw/cdd/internal/tui/page/chat/messages.go:125.39,126.14 1 0
github.com/guilhermegouw/cdd/internal/tui/page/chat/messages.go:126.14,128.3 1 0
github.com/guilhermegouw/cdd/internal/tui/page/chat/messages.go:130.2,132.26 2 0
github.com/guilhermegouw/cdd/internal/tui/page/chat/messages.go:132.26,137.3 4 0
github.com/guilhermegouw/cdd/internal/tui/page/chat/messages.go:140.2,144.33 3 0
github.com/guilhermegouw/cdd/internal/tui/page/chat/messages.go:144.33,146.3 1 0
github.com/guilhermegouw/cdd/internal/tui/page/chat/messages.go:149.2,161.17 4 0
github.com/guilhermegouw/cdd/internal/tui/page/chat/messages.go:161.17,163.3 1 0
github.com/guilhermegouw/cdd/internal/tui/page/chat/messages.go:166.63,168.22 2 0
github.com/guilhermegouw/cdd/internal/tui/page/chat/messages.go:168.22,170.3 1 0
github.com/guilhermegouw/cdd/internal/tui/page/chat/messages.go:172.2,172.18 1 0
github.com/guilhermegouw/cdd/internal/tui/page/chat/messages.go:173.22,174.48 1 0
github.com/guilhermegouw/cdd/internal/tui/page/chat/messages.go:175.27,176.53 1 0
github.com/guilhermegouw/cdd/internal/tui/page/chat/messages.go:177.22,178.48 1 0
github.com/guilhermegouw/cdd/internal/tui/page/chat/messages.go:179.24,181.12 1 0
github.com/guilhermegouw/cdd/internal/tui/page/chat/messages.go:183.2,183.11 1 0
github.com/guilhermegouw/cdd/internal/tui/page/chat/messages.go:186.78,193.2 4 0
github.com/guilhermegouw/cdd/internal/tui/page/chat/messages.go:195.83,203.23 5 0
github.com/guilhermegouw/cdd/internal/tui/page/chat/messages.go:203.23,206.17 2 0
github.com/guilhermegouw/cdd/internal/tui/page/chat/messages.go:206.17,209.4 1 0
github.com/guilhermegouw/cdd/internal/tui/page/chat/messages.go:211.3,212.34 2 0
github.com/guilhermegouw/cdd/internal/tui/page/chat/messages.go:216.2,216.35 1 0
github.com/guilhermegouw/cdd/internal/tui/page/chat/messages.go:216.35,219.3 2 0
github.com/guilhermegouw/cdd/internal/tui/page/chat/messages.go:221.2,221.55 1 0
github.com/guilhermegouw/cdd/internal/tui/page/chat/messages.go:224.78,228.37 3 0
github.com/guilhermegouw/cdd/internal/tui/page/chat/messages.go:228.37,232.17 3 0
github.com/guilhermegouw/cdd/internal/tui/page/chat/messages.go:232.17,234.4 1 0
github.com/guilhermegouw/cdd/internal/tui/page/chat/messages.go:234.9,236.4 1 0
github.com/guilhermegouw/cdd/internal/tui/page/chat/messages.go:239.3,240.25 2 0
github.com/guilhermegouw/cdd/internal/tui/page/chat/messages.go:240.25,242.4 1 0
github.com/guilhermegouw/cdd/internal/tui/page/chat/messages.go:244.3,245.40 2 0
github.com/guilhermegouw/cdd/internal/tui/page/chat/messages.go:248.2,248.55 1 0
github.com/guilhermegouw/cdd/internal/tui/page/chat/status.go:29.32,33.2 1 0
github.com/guilhermegouw/cdd/internal/tui/page/chat/status.go:36.46,38.27 2 0
github.com/guilhermegouw/cdd/internal/tui/page/chat/status.go:38.27,41.3 2 0
github.com/guilhermegouw/cdd/internal/tui/page/chat/status.go:45.46,48.2 2 0
github.com/guilhermegouw/cdd/internal/tui/page/chat/status.go:51.42,54.2 2 0
github.com/guilhermegouw/cdd/internal/tui/page/chat/status.go:57.41,59.2 1 0
github.com/guilhermegouw/cdd/internal/tui/page/chat/status.go:62.35,68.18 4 0
github.com/guilhermegouw/cdd/internal/tui/page/chat/status.go:69.19,71.30 2 0
github.com/guilhermegouw/cdd/internal/tui/page/chat/status.go:72.22,74.27 2 0
github.com/guilhermegouw/cdd/internal/tui/page/chat/status.go:75.25,77.30 2 0
github.com/guilhermegouw/cdd/internal/tui/page/chat/status.go:78.19,80.28 2 0
github.com/guilhermegouw/cdd/internal/tui/page/chat/status.go:85.2,95.13 6 0
github.com/guilhermegouw/cdd/internal/tui/page/chat/status.go:95.13,97.3 1 0
github.com/guilhermegouw/cdd/internal/tui/page/chat/status.go:99.2,101.33 2 0
