mode: set
github.com/guilhermegouw/cdd/internal/db/db.go:30.39,33.48 2 1
github.com/guilhermegouw/cdd/internal/db/db.go:33.48,35.3 1 0
github.com/guilhermegouw/cdd/internal/db/db.go:38.2,40.16 3 1
github.com/guilhermegouw/cdd/internal/db/db.go:40.16,42.3 1 0
github.com/guilhermegouw/cdd/internal/db/db.go:45.2,46.46 2 1
github.com/guilhermegouw/cdd/internal/db/db.go:46.46,49.3 2 0
github.com/guilhermegouw/cdd/internal/db/db.go:52.2,52.48 1 1
github.com/guilhermegouw/cdd/internal/db/db.go:52.48,55.3 2 0
github.com/guilhermegouw/cdd/internal/db/db.go:58.2,59.52 2 1
github.com/guilhermegouw/cdd/internal/db/db.go:59.52,62.3 2 0
github.com/guilhermegouw/cdd/internal/db/db.go:64.2,64.53 1 1
github.com/guilhermegouw/cdd/internal/db/db.go:64.53,67.3 2 0
github.com/guilhermegouw/cdd/internal/db/db.go:69.2,72.8 1 1
github.com/guilhermegouw/cdd/internal/db/db.go:76.60,81.33 2 1
github.com/guilhermegouw/cdd/internal/db/db.go:81.33,82.58 1 1
github.com/guilhermegouw/cdd/internal/db/db.go:82.58,84.4 1 0
github.com/guilhermegouw/cdd/internal/db/db.go:86.2,86.12 1 1
github.com/guilhermegouw/cdd/internal/db/db.go:90.29,92.2 1 1
github.com/guilhermegouw/cdd/internal/db/db.go:95.28,97.2 1 1
github.com/guilhermegouw/cdd/internal/db/db.go:100.28,104.2 3 1
github.com/guilhermegouw/cdd/internal/db/db.go:108.72,110.16 2 1
github.com/guilhermegouw/cdd/internal/db/db.go:110.16,112.3 1 0
github.com/guilhermegouw/cdd/internal/db/db.go:114.2,114.31 1 1
github.com/guilhermegouw/cdd/internal/db/db.go:114.31,115.43 1 1
github.com/guilhermegouw/cdd/internal/db/db.go:115.43,117.4 1 0
github.com/guilhermegouw/cdd/internal/db/db.go:118.3,118.13 1 1
github.com/guilhermegouw/cdd/internal/db/db.go:121.2,121.36 1 1
github.com/guilhermegouw/cdd/internal/db/db.go:121.36,123.3 1 0
github.com/guilhermegouw/cdd/internal/db/db.go:125.2,125.12 1 1
github.com/guilhermegouw/cdd/internal/db/db.go:129.94,131.2 1 0
github.com/guilhermegouw/cdd/internal/db/db.go:134.94,136.2 1 0
github.com/guilhermegouw/cdd/internal/db/db.go:139.87,141.2 1 1
github.com/guilhermegouw/cdd/internal/session/service.go:22.83,27.2 1 0
github.com/guilhermegouw/cdd/internal/session/service.go:30.79,34.16 3 0
github.com/guilhermegouw/cdd/internal/session/service.go:34.16,36.3 1 0
github.com/guilhermegouw/cdd/internal/session/service.go:38.2,42.21 4 0
github.com/guilhermegouw/cdd/internal/session/service.go:42.21,45.3 1 0
github.com/guilhermegouw/cdd/internal/session/service.go:47.2,47.21 1 0
github.com/guilhermegouw/cdd/internal/session/service.go:51.73,53.2 1 0
github.com/guilhermegouw/cdd/internal/session/service.go:56.65,58.2 1 0
github.com/guilhermegouw/cdd/internal/session/service.go:61.87,63.2 1 0
github.com/guilhermegouw/cdd/internal/session/service.go:66.83,68.2 1 0
github.com/guilhermegouw/cdd/internal/session/service.go:71.105,73.2 1 0
github.com/guilhermegouw/cdd/internal/session/service.go:76.66,81.21 4 0
github.com/guilhermegouw/cdd/internal/session/service.go:81.21,83.17 2 0
github.com/guilhermegouw/cdd/internal/session/service.go:83.17,85.4 1 0
github.com/guilhermegouw/cdd/internal/session/service.go:90.2,90.37 1 0
github.com/guilhermegouw/cdd/internal/session/service.go:94.41,99.21 4 0
github.com/guilhermegouw/cdd/internal/session/service.go:99.21,102.3 1 0
github.com/guilhermegouw/cdd/internal/session/service.go:106.38,110.2 3 0
github.com/guilhermegouw/cdd/internal/session/service.go:113.76,115.2 1 0
github.com/guilhermegouw/cdd/internal/session/service.go:118.64,120.16 2 0
github.com/guilhermegouw/cdd/internal/session/service.go:120.16,122.3 1 0
github.com/guilhermegouw/cdd/internal/session/service.go:124.2,125.21 2 0
github.com/guilhermegouw/cdd/internal/session/service.go:125.21,127.3 1 0
github.com/guilhermegouw/cdd/internal/session/service.go:128.2,130.21 2 0
github.com/guilhermegouw/cdd/internal/session/service.go:130.21,133.3 1 0
github.com/guilhermegouw/cdd/internal/session/service.go:135.2,135.12 1 0
github.com/guilhermegouw/cdd/internal/session/service.go:139.79,141.2 1 0
github.com/guilhermegouw/cdd/internal/session/service.go:144.93,146.2 1 0
github.com/guilhermegouw/cdd/internal/session/sqlite_store.go:24.46,28.2 1 1
github.com/guilhermegouw/cdd/internal/session/sqlite_store.go:31.87,40.16 3 1
github.com/guilhermegouw/cdd/internal/session/sqlite_store.go:40.16,42.3 1 1
github.com/guilhermegouw/cdd/internal/session/sqlite_store.go:44.2,44.38 1 1
github.com/guilhermegouw/cdd/internal/session/sqlite_store.go:48.77,50.16 2 1
github.com/guilhermegouw/cdd/internal/session/sqlite_store.go:50.16,51.36 1 1
github.com/guilhermegouw/cdd/internal/session/sqlite_store.go:51.36,53.4 1 1
github.com/guilhermegouw/cdd/internal/session/sqlite_store.go:54.3,54.53 1 0
github.com/guilhermegouw/cdd/internal/session/sqlite_store.go:57.2,57.38 1 1
github.com/guilhermegouw/cdd/internal/session/sqlite_store.go:61.69,63.16 2 1
github.com/guilhermegouw/cdd/internal/session/sqlite_store.go:63.16,65.3 1 0
github.com/guilhermegouw/cdd/internal/session/sqlite_store.go:67.2,68.33 2 1
github.com/guilhermegouw/cdd/internal/session/sqlite_store.go:68.33,70.3 1 1
github.com/guilhermegouw/cdd/internal/session/sqlite_store.go:72.2,72.22 1 1
github.com/guilhermegouw/cdd/internal/session/sqlite_store.go:76.80,84.16 3 1
github.com/guilhermegouw/cdd/internal/session/sqlite_store.go:84.16,86.3 1 0
github.com/guilhermegouw/cdd/internal/session/sqlite_store.go:88.2,88.12 1 1
github.com/guilhermegouw/cdd/internal/session/sqlite_store.go:92.83,99.16 3 1
github.com/guilhermegouw/cdd/internal/session/sqlite_store.go:99.16,101.3 1 0
github.com/guilhermegouw/cdd/internal/session/sqlite_store.go:103.2,103.12 1 1
github.com/guilhermegouw/cdd/internal/session/sqlite_store.go:107.83,114.16 3 1
github.com/guilhermegouw/cdd/internal/session/sqlite_store.go:114.16,116.3 1 0
github.com/guilhermegouw/cdd/internal/session/sqlite_store.go:118.2,118.12 1 1
github.com/guilhermegouw/cdd/internal/session/sqlite_store.go:122.97,130.16 3 1
github.com/guilhermegouw/cdd/internal/session/sqlite_store.go:130.16,132.3 1 0
github.com/guilhermegouw/cdd/internal/session/sqlite_store.go:134.2,134.12 1 1
github.com/guilhermegouw/cdd/internal/session/sqlite_store.go:138.68,140.16 2 1
github.com/guilhermegouw/cdd/internal/session/sqlite_store.go:140.16,142.3 1 0
github.com/guilhermegouw/cdd/internal/session/sqlite_store.go:144.2,144.12 1 1
github.com/guilhermegouw/cdd/internal/session/sqlite_store.go:148.91,150.16 2 0
github.com/guilhermegouw/cdd/internal/session/sqlite_store.go:150.16,152.3 1 0
github.com/guilhermegouw/cdd/internal/session/sqlite_store.go:154.2,155.33 2 0
github.com/guilhermegouw/cdd/internal/session/sqlite_store.go:155.33,157.3 1 0
github.com/guilhermegouw/cdd/internal/session/sqlite_store.go:159.2,159.22 1 0
github.com/guilhermegouw/cdd/internal/session/sqlite_store.go:164.87,168.16 3 1
github.com/guilhermegouw/cdd/internal/session/sqlite_store.go:168.16,170.3 1 0
github.com/guilhermegouw/cdd/internal/session/sqlite_store.go:172.2,173.33 2 1
github.com/guilhermegouw/cdd/internal/session/sqlite_store.go:173.33,175.3 1 1
github.com/guilhermegouw/cdd/internal/session/sqlite_store.go:177.2,177.22 1 1
github.com/guilhermegouw/cdd/internal/session/sqlite_store.go:182.109,186.16 3 0
github.com/guilhermegouw/cdd/internal/session/sqlite_store.go:186.16,188.3 1 0
github.com/guilhermegouw/cdd/internal/session/sqlite_store.go:190.2,191.33 2 0
github.com/guilhermegouw/cdd/internal/session/sqlite_store.go:191.33,193.3 1 0
github.com/guilhermegouw/cdd/internal/session/sqlite_store.go:195.2,195.22 1 0
github.com/guilhermegouw/cdd/internal/session/sqlite_store.go:200.47,203.19 2 1
github.com/guilhermegouw/cdd/internal/session/sqlite_store.go:203.19,205.3 1 1
github.com/guilhermegouw/cdd/internal/session/sqlite_store.go:207.2,208.33 2 1
github.com/guilhermegouw/cdd/internal/session/sqlite_store.go:212.47,214.32 2 1
github.com/guilhermegouw/cdd/internal/session/sqlite_store.go:214.32,216.3 1 1
github.com/guilhermegouw/cdd/internal/session/sqlite_store.go:218.2,225.3 1 1
github.com/guilhermegouw/cdd/internal/session/sqlite_store.go:240.75,242.33 2 0
github.com/guilhermegouw/cdd/internal/session/sqlite_store.go:242.33,244.3 1 0
github.com/guilhermegouw/cdd/internal/session/sqlite_store.go:247.2,248.30 2 0
github.com/guilhermegouw/cdd/internal/session/sqlite_store.go:248.30,249.46 1 0
github.com/guilhermegouw/cdd/internal/session/sqlite_store.go:249.46,251.4 1 0
github.com/guilhermegouw/cdd/internal/session/sqlite_store.go:253.2,265.3 2 0
github.com/guilhermegouw/cdd/internal/session/sqlite_store.go:269.88,279.2 1 0
github.com/guilhermegouw/cdd/internal/session/sqlite_store.go:282.96,292.2 1 0
github.com/guilhermegouw/cdd/internal/session/sqlite_store.go:295.52,296.21 1 1
github.com/guilhermegouw/cdd/internal/session/sqlite_store.go:296.21,298.3 1 1
github.com/guilhermegouw/cdd/internal/session/sqlite_store.go:302.2,307.66 3 1
github.com/guilhermegouw/cdd/internal/session/sqlite_store.go:307.66,309.3 1 1
github.com/guilhermegouw/cdd/internal/session/sqlite_store.go:310.2,310.26 1 1
github.com/guilhermegouw/cdd/internal/session/sqlite_store.go:310.26,311.39 1 1
github.com/guilhermegouw/cdd/internal/session/sqlite_store.go:311.39,313.4 1 1
github.com/guilhermegouw/cdd/internal/session/sqlite_store.go:315.2,315.11 1 1
github.com/guilhermegouw/cdd/internal/message/message.go:68.40,69.28 1 1
github.com/guilhermegouw/cdd/internal/message/message.go:69.28,70.29 1 1
github.com/guilhermegouw/cdd/internal/message/message.go:70.29,72.4 1 1
github.com/guilhermegouw/cdd/internal/message/message.go:74.2,74.11 1 1
github.com/guilhermegouw/cdd/internal/message/message.go:78.45,79.28 1 1
github.com/guilhermegouw/cdd/internal/message/message.go:79.28,80.34 1 1
github.com/guilhermegouw/cdd/internal/message/message.go:80.34,82.4 1 1
github.com/guilhermegouw/cdd/internal/message/message.go:84.2,84.11 1 1
github.com/guilhermegouw/cdd/internal/message/message.go:88.43,90.28 2 1
github.com/guilhermegouw/cdd/internal/message/message.go:90.28,91.54 1 1
github.com/guilhermegouw/cdd/internal/message/message.go:91.54,93.4 1 1
github.com/guilhermegouw/cdd/internal/message/message.go:95.2,95.14 1 1
github.com/guilhermegouw/cdd/internal/message/message.go:99.47,101.28 2 1
github.com/guilhermegouw/cdd/internal/message/message.go:101.28,102.58 1 1
github.com/guilhermegouw/cdd/internal/message/message.go:102.58,104.4 1 1
github.com/guilhermegouw/cdd/internal/message/message.go:106.2,106.16 1 1
github.com/guilhermegouw/cdd/internal/message/message.go:110.36,115.2 1 1
github.com/guilhermegouw/cdd/internal/message/message.go:118.46,123.2 1 1
github.com/guilhermegouw/cdd/internal/message/message.go:126.51,135.2 1 1
github.com/guilhermegouw/cdd/internal/message/message.go:138.77,148.2 1 1
github.com/guilhermegouw/cdd/internal/message/service.go:26.83,31.2 1 0
github.com/guilhermegouw/cdd/internal/message/service.go:34.64,35.49 1 0
github.com/guilhermegouw/cdd/internal/message/service.go:35.49,37.3 1 0
github.com/guilhermegouw/cdd/internal/message/service.go:40.2,40.21 1 0
github.com/guilhermegouw/cdd/internal/message/service.go:40.21,43.3 1 0
github.com/guilhermegouw/cdd/internal/message/service.go:45.2,45.12 1 0
github.com/guilhermegouw/cdd/internal/message/service.go:49.73,51.2 1 0
github.com/guilhermegouw/cdd/internal/message/service.go:54.91,56.2 1 0
github.com/guilhermegouw/cdd/internal/message/service.go:61.89,64.48 2 0
github.com/guilhermegouw/cdd/internal/message/service.go:64.48,66.3 1 0
github.com/guilhermegouw/cdd/internal/message/service.go:68.2,68.20 1 0
github.com/guilhermegouw/cdd/internal/message/service.go:68.20,71.17 2 0
github.com/guilhermegouw/cdd/internal/message/service.go:71.17,73.4 1 0
github.com/guilhermegouw/cdd/internal/message/service.go:74.3,74.19 1 0
github.com/guilhermegouw/cdd/internal/message/service.go:78.2,78.67 1 0
github.com/guilhermegouw/cdd/internal/message/service.go:82.70,84.16 2 0
github.com/guilhermegouw/cdd/internal/message/service.go:84.16,86.3 1 0
github.com/guilhermegouw/cdd/internal/message/service.go:88.2,88.21 1 0
github.com/guilhermegouw/cdd/internal/message/service.go:88.21,91.3 1 0
github.com/guilhermegouw/cdd/internal/message/service.go:93.2,93.12 1 0
github.com/guilhermegouw/cdd/internal/message/service.go:97.79,99.2 1 0
github.com/guilhermegouw/cdd/internal/message/service.go:102.64,104.2 1 0
github.com/guilhermegouw/cdd/internal/message/service.go:107.95,109.2 1 0
github.com/guilhermegouw/cdd/internal/message/service.go:112.88,114.16 2 0
github.com/guilhermegouw/cdd/internal/message/service.go:114.16,116.3 1 0
github.com/guilhermegouw/cdd/internal/message/service.go:117.2,117.33 1 0
github.com/guilhermegouw/cdd/internal/message/sqlite_store.go:25.46,29.2 1 1
github.com/guilhermegouw/cdd/internal/message/sqlite_store.go:32.71,33.18 1 1
github.com/guilhermegouw/cdd/internal/message/sqlite_store.go:33.18,35.3 1 1
github.com/guilhermegouw/cdd/internal/message/sqlite_store.go:37.2,38.28 2 1
github.com/guilhermegouw/cdd/internal/message/sqlite_store.go:38.28,40.3 1 1
github.com/guilhermegouw/cdd/internal/message/sqlite_store.go:41.2,44.16 3 1
github.com/guilhermegouw/cdd/internal/message/sqlite_store.go:44.16,46.3 1 0
github.com/guilhermegouw/cdd/internal/message/sqlite_store.go:48.2,49.19 2 1
github.com/guilhermegouw/cdd/internal/message/sqlite_store.go:49.19,51.3 1 1
github.com/guilhermegouw/cdd/internal/message/sqlite_store.go:53.2,64.16 2 1
github.com/guilhermegouw/cdd/internal/message/sqlite_store.go:64.16,66.3 1 0
github.com/guilhermegouw/cdd/internal/message/sqlite_store.go:68.2,68.12 1 1
github.com/guilhermegouw/cdd/internal/message/sqlite_store.go:72.77,74.16 2 1
github.com/guilhermegouw/cdd/internal/message/sqlite_store.go:74.16,75.36 1 1
github.com/guilhermegouw/cdd/internal/message/sqlite_store.go:75.36,77.4 1 1
github.com/guilhermegouw/cdd/internal/message/sqlite_store.go:78.3,78.53 1 0
github.com/guilhermegouw/cdd/internal/message/sqlite_store.go:81.2,81.29 1 1
github.com/guilhermegouw/cdd/internal/message/sqlite_store.go:85.95,87.16 2 1
github.com/guilhermegouw/cdd/internal/message/sqlite_store.go:87.16,89.3 1 0
github.com/guilhermegouw/cdd/internal/message/sqlite_store.go:91.2,91.31 1 1
github.com/guilhermegouw/cdd/internal/message/sqlite_store.go:95.115,100.16 2 1
github.com/guilhermegouw/cdd/internal/message/sqlite_store.go:100.16,102.3 1 0
github.com/guilhermegouw/cdd/internal/message/sqlite_store.go:104.2,104.31 1 1
github.com/guilhermegouw/cdd/internal/message/sqlite_store.go:108.108,113.16 2 0
github.com/guilhermegouw/cdd/internal/message/sqlite_store.go:113.16,115.3 1 0
github.com/guilhermegouw/cdd/internal/message/sqlite_store.go:117.2,117.31 1 0
github.com/guilhermegouw/cdd/internal/message/sqlite_store.go:121.91,123.16 2 1
github.com/guilhermegouw/cdd/internal/message/sqlite_store.go:123.16,124.36 1 1
github.com/guilhermegouw/cdd/internal/message/sqlite_store.go:124.36,126.4 1 1
github.com/guilhermegouw/cdd/internal/message/sqlite_store.go:127.3,127.61 1 0
github.com/guilhermegouw/cdd/internal/message/sqlite_store.go:130.2,130.29 1 1
github.com/guilhermegouw/cdd/internal/message/sqlite_store.go:134.83,136.16 2 1
github.com/guilhermegouw/cdd/internal/message/sqlite_store.go:136.16,138.3 1 0
github.com/guilhermegouw/cdd/internal/message/sqlite_store.go:140.2,140.19 1 1
github.com/guilhermegouw/cdd/internal/message/sqlite_store.go:144.71,148.16 3 1
github.com/guilhermegouw/cdd/internal/message/sqlite_store.go:148.16,150.3 1 0
github.com/guilhermegouw/cdd/internal/message/sqlite_store.go:152.2,157.16 2 1
github.com/guilhermegouw/cdd/internal/message/sqlite_store.go:157.16,159.3 1 0
github.com/guilhermegouw/cdd/internal/message/sqlite_store.go:161.2,161.12 1 1
github.com/guilhermegouw/cdd/internal/message/sqlite_store.go:165.68,167.16 2 1
github.com/guilhermegouw/cdd/internal/message/sqlite_store.go:167.16,169.3 1 0
github.com/guilhermegouw/cdd/internal/message/sqlite_store.go:171.2,171.12 1 1
github.com/guilhermegouw/cdd/internal/message/sqlite_store.go:175.84,177.16 2 1
github.com/guilhermegouw/cdd/internal/message/sqlite_store.go:177.16,179.3 1 0
github.com/guilhermegouw/cdd/internal/message/sqlite_store.go:181.2,181.12 1 1
github.com/guilhermegouw/cdd/internal/message/sqlite_store.go:185.101,190.16 2 1
github.com/guilhermegouw/cdd/internal/message/sqlite_store.go:190.16,192.3 1 0
github.com/guilhermegouw/cdd/internal/message/sqlite_store.go:194.2,194.12 1 1
github.com/guilhermegouw/cdd/internal/message/sqlite_store.go:198.58,200.68 2 1
github.com/guilhermegouw/cdd/internal/message/sqlite_store.go:200.68,202.3 1 0
github.com/guilhermegouw/cdd/internal/message/sqlite_store.go:204.2,205.23 2 1
github.com/guilhermegouw/cdd/internal/message/sqlite_store.go:205.23,207.3 1 1
github.com/guilhermegouw/cdd/internal/message/sqlite_store.go:208.2,208.26 1 1
github.com/guilhermegouw/cdd/internal/message/sqlite_store.go:208.26,210.3 1 1
github.com/guilhermegouw/cdd/internal/message/sqlite_store.go:212.2,222.8 1 1
github.com/guilhermegouw/cdd/internal/message/sqlite_store.go:226.64,228.24 2 1
github.com/guilhermegouw/cdd/internal/message/sqlite_store.go:228.24,230.17 2 1
github.com/guilhermegouw/cdd/internal/message/sqlite_store.go:230.17,232.4 1 0
github.com/guilhermegouw/cdd/internal/message/sqlite_store.go:233.3,233.16 1 1
github.com/guilhermegouw/cdd/internal/message/sqlite_store.go:235.2,235.18 1 1
github.com/guilhermegouw/cdd/internal/agent/agent.go:147.38,149.2 1 1
github.com/guilhermegouw/cdd/internal/agent/agent.go:151.32,153.2 1 0
github.com/guilhermegouw/cdd/internal/agent/loop.go:35.36,37.25 2 1
github.com/guilhermegouw/cdd/internal/agent/loop.go:37.25,39.3 1 0
github.com/guilhermegouw/cdd/internal/agent/loop.go:39.8,41.3 1 1
github.com/guilhermegouw/cdd/internal/agent/loop.go:43.2,51.3 1 1
github.com/guilhermegouw/cdd/internal/agent/loop.go:57.116,58.18 1 1
github.com/guilhermegouw/cdd/internal/agent/loop.go:58.18,60.3 1 1
github.com/guilhermegouw/cdd/internal/agent/loop.go:62.2,63.21 2 0
github.com/guilhermegouw/cdd/internal/agent/loop.go:63.21,66.3 2 0
github.com/guilhermegouw/cdd/internal/agent/loop.go:69.2,69.25 1 0
github.com/guilhermegouw/cdd/internal/agent/loop.go:69.25,71.3 1 0
github.com/guilhermegouw/cdd/internal/agent/loop.go:74.2,76.15 3 0
github.com/guilhermegouw/cdd/internal/agent/loop.go:76.15,79.3 2 0
github.com/guilhermegouw/cdd/internal/agent/loop.go:82.2,98.22 6 0
github.com/guilhermegouw/cdd/internal/agent/loop.go:98.22,100.3 1 0
github.com/guilhermegouw/cdd/internal/agent/loop.go:102.2,121.20 7 0
github.com/guilhermegouw/cdd/internal/agent/loop.go:121.20,123.3 1 0
github.com/guilhermegouw/cdd/internal/agent/loop.go:124.2,125.29 2 0
github.com/guilhermegouw/cdd/internal/agent/loop.go:125.29,127.3 1 0
github.com/guilhermegouw/cdd/internal/agent/loop.go:130.2,141.55 7 0
github.com/guilhermegouw/cdd/internal/agent/loop.go:141.55,142.30 1 0
github.com/guilhermegouw/cdd/internal/agent/loop.go:142.30,150.4 3 0
github.com/guilhermegouw/cdd/internal/agent/loop.go:151.3,158.19 4 0
github.com/guilhermegouw/cdd/internal/agent/loop.go:158.19,161.4 1 0
github.com/guilhermegouw/cdd/internal/agent/loop.go:163.3,163.13 1 0
github.com/guilhermegouw/cdd/internal/agent/loop.go:166.2,166.65 1 0
github.com/guilhermegouw/cdd/internal/agent/loop.go:166.65,167.30 1 0
github.com/guilhermegouw/cdd/internal/agent/loop.go:167.30,174.4 2 0
github.com/guilhermegouw/cdd/internal/agent/loop.go:176.3,184.19 3 0
github.com/guilhermegouw/cdd/internal/agent/loop.go:184.19,195.4 2 0
github.com/guilhermegouw/cdd/internal/agent/loop.go:197.3,197.13 1 0
github.com/guilhermegouw/cdd/internal/agent/loop.go:200.2,200.73 1 0
github.com/guilhermegouw/cdd/internal/agent/loop.go:200.73,208.34 2 0
github.com/guilhermegouw/cdd/internal/agent/loop.go:209.42,210.103 1 0
github.com/guilhermegouw/cdd/internal/agent/loop.go:210.103,212.5 1 0
github.com/guilhermegouw/cdd/internal/agent/loop.go:213.43,214.104 1 0
github.com/guilhermegouw/cdd/internal/agent/loop.go:214.104,217.5 2 0
github.com/guilhermegouw/cdd/internal/agent/loop.go:218.11,220.49 1 0
github.com/guilhermegouw/cdd/internal/agent/loop.go:224.3,233.19 3 0
github.com/guilhermegouw/cdd/internal/agent/loop.go:233.19,243.18 2 0
github.com/guilhermegouw/cdd/internal/agent/loop.go:243.18,246.5 1 0
github.com/guilhermegouw/cdd/internal/agent/loop.go:246.10,249.5 1 0
github.com/guilhermegouw/cdd/internal/agent/loop.go:252.3,252.13 1 0
github.com/guilhermegouw/cdd/internal/agent/loop.go:256.2,256.90 1 0
github.com/guilhermegouw/cdd/internal/agent/loop.go:256.90,262.3 4 0
github.com/guilhermegouw/cdd/internal/agent/loop.go:264.2,264.60 1 0
github.com/guilhermegouw/cdd/internal/agent/loop.go:264.60,268.3 3 0
github.com/guilhermegouw/cdd/internal/agent/loop.go:270.2,270.88 1 0
github.com/guilhermegouw/cdd/internal/agent/loop.go:270.88,273.27 2 0
github.com/guilhermegouw/cdd/internal/agent/loop.go:273.27,276.4 2 0
github.com/guilhermegouw/cdd/internal/agent/loop.go:278.3,278.40 1 0
github.com/guilhermegouw/cdd/internal/agent/loop.go:278.40,280.4 1 0
github.com/guilhermegouw/cdd/internal/agent/loop.go:281.3,281.13 1 0
github.com/guilhermegouw/cdd/internal/agent/loop.go:285.2,289.55 3 0
github.com/guilhermegouw/cdd/internal/agent/loop.go:289.55,294.3 3 0
github.com/guilhermegouw/cdd/internal/agent/loop.go:297.2,297.140 1 0
github.com/guilhermegouw/cdd/internal/agent/loop.go:297.140,299.3 1 0
github.com/guilhermegouw/cdd/internal/agent/loop.go:302.2,302.36 1 0
github.com/guilhermegouw/cdd/internal/agent/loop.go:302.36,304.3 1 0
github.com/guilhermegouw/cdd/internal/agent/loop.go:306.2,306.16 1 0
github.com/guilhermegouw/cdd/internal/agent/loop.go:306.16,308.19 1 0
github.com/guilhermegouw/cdd/internal/agent/loop.go:308.19,311.4 1 0
github.com/guilhermegouw/cdd/internal/agent/loop.go:312.3,312.13 1 0
github.com/guilhermegouw/cdd/internal/agent/loop.go:316.2,316.18 1 0
github.com/guilhermegouw/cdd/internal/agent/loop.go:316.18,319.3 1 0
github.com/guilhermegouw/cdd/internal/agent/loop.go:321.2,321.12 1 0
github.com/guilhermegouw/cdd/internal/agent/loop.go:325.73,327.24 2 1
github.com/guilhermegouw/cdd/internal/agent/loop.go:327.24,329.3 1 1
github.com/guilhermegouw/cdd/internal/agent/loop.go:332.2,332.23 1 1
github.com/guilhermegouw/cdd/internal/agent/loop.go:332.23,334.3 1 1
github.com/guilhermegouw/cdd/internal/agent/loop.go:336.2,337.26 2 1
github.com/guilhermegouw/cdd/internal/agent/loop.go:337.26,339.19 2 1
github.com/guilhermegouw/cdd/internal/agent/loop.go:340.17,341.66 1 1
github.com/guilhermegouw/cdd/internal/agent/loop.go:343.22,348.25 2 1
github.com/guilhermegouw/cdd/internal/agent/loop.go:348.25,350.5 1 1
github.com/guilhermegouw/cdd/internal/agent/loop.go:351.4,351.37 1 1
github.com/guilhermegouw/cdd/internal/agent/loop.go:351.37,357.5 1 1
github.com/guilhermegouw/cdd/internal/agent/loop.go:358.4,358.22 1 1
github.com/guilhermegouw/cdd/internal/agent/loop.go:358.22,363.5 1 1
github.com/guilhermegouw/cdd/internal/agent/loop.go:365.17,366.39 1 1
github.com/guilhermegouw/cdd/internal/agent/loop.go:366.39,368.19 2 1
github.com/guilhermegouw/cdd/internal/agent/loop.go:368.19,372.6 1 1
github.com/guilhermegouw/cdd/internal/agent/loop.go:372.11,376.6 1 1
github.com/guilhermegouw/cdd/internal/agent/loop.go:377.5,385.7 1 1
github.com/guilhermegouw/cdd/internal/agent/loop.go:388.19,388.19 0 0
github.com/guilhermegouw/cdd/internal/agent/loop.go:393.2,393.16 1 1
github.com/guilhermegouw/cdd/internal/agent/loop.go:398.62,402.2 3 0
github.com/guilhermegouw/cdd/internal/agent/loop.go:405.55,409.2 3 1
github.com/guilhermegouw/cdd/internal/agent/loop.go:412.63,416.2 3 1
github.com/guilhermegouw/cdd/internal/agent/loop.go:419.60,421.2 1 1
github.com/guilhermegouw/cdd/internal/agent/loop.go:424.48,426.2 1 1
github.com/guilhermegouw/cdd/internal/agent/loop.go:429.49,433.51 3 1
github.com/guilhermegouw/cdd/internal/agent/loop.go:433.51,436.3 2 1
github.com/guilhermegouw/cdd/internal/agent/loop.go:440.54,445.2 4 1
github.com/guilhermegouw/cdd/internal/agent/loop.go:448.44,450.2 1 1
github.com/guilhermegouw/cdd/internal/agent/loop.go:452.86,456.2 3 0
github.com/guilhermegouw/cdd/internal/agent/loop.go:458.61,462.2 3 0
github.com/guilhermegouw/cdd/internal/agent/loop.go:465.44,466.22 1 0
github.com/guilhermegouw/cdd/internal/agent/loop.go:466.22,468.3 1 0
github.com/guilhermegouw/cdd/internal/agent/loop.go:469.2,469.27 1 0
github.com/guilhermegouw/cdd/internal/agent/session.go:32.38,36.2 1 1
github.com/guilhermegouw/cdd/internal/agent/session.go:39.54,57.2 8 1
github.com/guilhermegouw/cdd/internal/agent/session.go:60.56,66.2 4 1
github.com/guilhermegouw/cdd/internal/agent/session.go:69.43,71.21 2 1
github.com/guilhermegouw/cdd/internal/agent/session.go:71.21,72.47 1 1
github.com/guilhermegouw/cdd/internal/agent/session.go:72.47,75.4 2 1
github.com/guilhermegouw/cdd/internal/agent/session.go:77.2,79.32 2 1
github.com/guilhermegouw/cdd/internal/agent/session.go:83.51,87.33 3 1
github.com/guilhermegouw/cdd/internal/agent/session.go:87.33,90.3 2 1
github.com/guilhermegouw/cdd/internal/agent/session.go:91.2,91.14 1 1
github.com/guilhermegouw/cdd/internal/agent/session.go:95.42,100.37 4 1
github.com/guilhermegouw/cdd/internal/agent/session.go:100.37,102.3 1 1
github.com/guilhermegouw/cdd/internal/agent/session.go:103.2,103.17 1 1
github.com/guilhermegouw/cdd/internal/agent/session.go:107.47,111.34 3 1
github.com/guilhermegouw/cdd/internal/agent/session.go:111.34,113.3 1 1
github.com/guilhermegouw/cdd/internal/agent/session.go:115.2,117.21 2 1
github.com/guilhermegouw/cdd/internal/agent/session.go:117.21,119.3 1 1
github.com/guilhermegouw/cdd/internal/agent/session.go:121.2,121.13 1 1
github.com/guilhermegouw/cdd/internal/agent/session.go:126.71,131.9 4 1
github.com/guilhermegouw/cdd/internal/agent/session.go:131.9,133.3 1 1
github.com/guilhermegouw/cdd/internal/agent/session.go:135.2,135.18 1 1
github.com/guilhermegouw/cdd/internal/agent/session.go:135.18,137.3 1 1
github.com/guilhermegouw/cdd/internal/agent/session.go:138.2,138.28 1 1
github.com/guilhermegouw/cdd/internal/agent/session.go:138.28,140.3 1 1
github.com/guilhermegouw/cdd/internal/agent/session.go:142.2,145.48 2 1
github.com/guilhermegouw/cdd/internal/agent/session.go:145.48,149.3 2 1
github.com/guilhermegouw/cdd/internal/agent/session.go:151.2,153.13 2 1
github.com/guilhermegouw/cdd/internal/agent/session.go:157.64,162.9 4 1
github.com/guilhermegouw/cdd/internal/agent/session.go:162.9,164.3 1 1
github.com/guilhermegouw/cdd/internal/agent/session.go:167.2,169.17 3 1
github.com/guilhermegouw/cdd/internal/agent/session.go:173.61,178.9 4 1
github.com/guilhermegouw/cdd/internal/agent/session.go:178.9,180.3 1 1
github.com/guilhermegouw/cdd/internal/agent/session.go:182.2,185.13 3 1
github.com/guilhermegouw/cdd/internal/agent/session.go:189.66,194.9 4 1
github.com/guilhermegouw/cdd/internal/agent/session.go:194.9,196.3 1 1
github.com/guilhermegouw/cdd/internal/agent/session.go:198.2,201.13 3 1
github.com/guilhermegouw/cdd/internal/agent/session_adapter.go:24.98,30.2 1 1
github.com/guilhermegouw/cdd/internal/agent/session_adapter.go:33.64,36.16 3 1
github.com/guilhermegouw/cdd/internal/agent/session_adapter.go:36.16,39.3 1 0
github.com/guilhermegouw/cdd/internal/agent/session_adapter.go:41.2,53.21 5 1
github.com/guilhermegouw/cdd/internal/agent/session_adapter.go:57.66,60.33 2 1
github.com/guilhermegouw/cdd/internal/agent/session_adapter.go:60.33,63.3 2 1
github.com/guilhermegouw/cdd/internal/agent/session_adapter.go:64.2,69.16 4 1
github.com/guilhermegouw/cdd/internal/agent/session_adapter.go:69.16,71.3 1 1
github.com/guilhermegouw/cdd/internal/agent/session_adapter.go:74.2,75.16 2 1
github.com/guilhermegouw/cdd/internal/agent/session_adapter.go:75.16,77.3 1 0
github.com/guilhermegouw/cdd/internal/agent/session_adapter.go:79.2,91.27 5 1
github.com/guilhermegouw/cdd/internal/agent/session_adapter.go:97.53,102.21 3 1
github.com/guilhermegouw/cdd/internal/agent/session_adapter.go:102.21,103.39 1 1
github.com/guilhermegouw/cdd/internal/agent/session_adapter.go:103.39,105.4 1 1
github.com/guilhermegouw/cdd/internal/agent/session_adapter.go:109.2,110.16 2 1
github.com/guilhermegouw/cdd/internal/agent/session_adapter.go:110.16,112.3 1 0
github.com/guilhermegouw/cdd/internal/agent/session_adapter.go:114.2,126.21 5 1
github.com/guilhermegouw/cdd/internal/agent/session_adapter.go:130.61,132.29 1 1
github.com/guilhermegouw/cdd/internal/agent/session_adapter.go:132.29,134.3 1 1
github.com/guilhermegouw/cdd/internal/agent/session_adapter.go:136.2,137.13 2 1
github.com/guilhermegouw/cdd/internal/agent/session_adapter.go:141.52,144.16 3 1
github.com/guilhermegouw/cdd/internal/agent/session_adapter.go:144.16,146.3 1 0
github.com/guilhermegouw/cdd/internal/agent/session_adapter.go:148.2,149.33 2 1
github.com/guilhermegouw/cdd/internal/agent/session_adapter.go:149.33,156.3 1 1
github.com/guilhermegouw/cdd/internal/agent/session_adapter.go:157.2,157.17 1 1
github.com/guilhermegouw/cdd/internal/agent/session_adapter.go:161.57,163.53 2 1
github.com/guilhermegouw/cdd/internal/agent/session_adapter.go:163.53,165.3 1 0
github.com/guilhermegouw/cdd/internal/agent/session_adapter.go:167.2,171.13 4 1
github.com/guilhermegouw/cdd/internal/agent/session_adapter.go:175.81,187.20 3 1
github.com/guilhermegouw/cdd/internal/agent/session_adapter.go:187.20,190.3 2 1
github.com/guilhermegouw/cdd/internal/agent/session_adapter.go:192.2,192.53 1 1
github.com/guilhermegouw/cdd/internal/agent/session_adapter.go:192.53,194.3 1 0
github.com/guilhermegouw/cdd/internal/agent/session_adapter.go:197.2,201.40 3 1
github.com/guilhermegouw/cdd/internal/agent/session_adapter.go:201.40,206.46 3 1
github.com/guilhermegouw/cdd/internal/agent/session_adapter.go:206.46,209.4 2 0
github.com/guilhermegouw/cdd/internal/agent/session_adapter.go:211.2,213.13 2 1
github.com/guilhermegouw/cdd/internal/agent/session_adapter.go:217.74,220.40 2 1
github.com/guilhermegouw/cdd/internal/agent/session_adapter.go:220.40,225.3 4 1
github.com/guilhermegouw/cdd/internal/agent/session_adapter.go:226.2,231.16 4 1
github.com/guilhermegouw/cdd/internal/agent/session_adapter.go:231.16,233.3 1 0
github.com/guilhermegouw/cdd/internal/agent/session_adapter.go:235.2,235.38 1 1
github.com/guilhermegouw/cdd/internal/agent/session_adapter.go:239.71,241.59 2 1
github.com/guilhermegouw/cdd/internal/agent/session_adapter.go:241.59,243.3 1 0
github.com/guilhermegouw/cdd/internal/agent/session_adapter.go:245.2,246.40 2 1
github.com/guilhermegouw/cdd/internal/agent/session_adapter.go:246.40,249.3 2 1
github.com/guilhermegouw/cdd/internal/agent/session_adapter.go:250.2,252.13 2 1
github.com/guilhermegouw/cdd/internal/agent/session_adapter.go:256.76,258.72 2 1
github.com/guilhermegouw/cdd/internal/agent/session_adapter.go:258.72,260.3 1 0
github.com/guilhermegouw/cdd/internal/agent/session_adapter.go:262.2,263.40 2 1
github.com/guilhermegouw/cdd/internal/agent/session_adapter.go:263.40,266.3 2 1
github.com/guilhermegouw/cdd/internal/agent/session_adapter.go:267.2,269.13 2 1
github.com/guilhermegouw/cdd/internal/agent/session_adapter.go:273.72,289.2 7 0
github.com/guilhermegouw/cdd/internal/agent/session_adapter.go:292.65,294.29 2 1
github.com/guilhermegouw/cdd/internal/agent/session_adapter.go:294.29,304.38 2 1
github.com/guilhermegouw/cdd/internal/agent/session_adapter.go:304.38,310.4 1 1
github.com/guilhermegouw/cdd/internal/agent/session_adapter.go:313.3,313.40 1 1
github.com/guilhermegouw/cdd/internal/agent/session_adapter.go:313.40,320.4 1 1
github.com/guilhermegouw/cdd/internal/agent/session_adapter.go:322.2,322.13 1 1
github.com/guilhermegouw/cdd/internal/agent/session_adapter.go:326.56,329.23 2 1
github.com/guilhermegouw/cdd/internal/agent/session_adapter.go:329.23,331.3 1 1
github.com/guilhermegouw/cdd/internal/agent/session_adapter.go:332.2,332.25 1 1
github.com/guilhermegouw/cdd/internal/agent/session_adapter.go:332.25,334.3 1 1
github.com/guilhermegouw/cdd/internal/agent/session_adapter.go:335.2,337.23 2 1
github.com/guilhermegouw/cdd/internal/agent/session_adapter.go:337.23,339.3 1 1
github.com/guilhermegouw/cdd/internal/agent/session_adapter.go:341.2,341.25 1 1
github.com/guilhermegouw/cdd/internal/agent/session_adapter.go:341.25,343.3 1 1
github.com/guilhermegouw/cdd/internal/agent/session_adapter.go:345.2,345.35 1 1
github.com/guilhermegouw/cdd/internal/agent/session_adapter.go:345.35,347.3 1 1
github.com/guilhermegouw/cdd/internal/agent/session_adapter.go:349.2,349.37 1 1
github.com/guilhermegouw/cdd/internal/agent/session_adapter.go:349.37,351.3 1 1
github.com/guilhermegouw/cdd/internal/agent/session_adapter.go:353.2,353.14 1 1
